mode: count
github.com/dnsoftware/mpm-save-get-shares/cmd/app/main.go:13.13,17.16 3 0
github.com/dnsoftware/mpm-save-get-shares/cmd/app/main.go:17.16,19.3 1 0
github.com/dnsoftware/mpm-save-get-shares/cmd/app/main.go:20.2,24.16 4 0
github.com/dnsoftware/mpm-save-get-shares/cmd/app/main.go:24.17,26.3 0 0
github.com/dnsoftware/mpm-save-get-shares/cmd/app/main.go:28.2,28.25 1 0
github.com/dnsoftware/mpm-save-get-shares/internal/app/app.go:12.62,20.2 3 0
github.com/dnsoftware/mpm-save-get-shares/internal/controller/kafka_consumer/shares/consumer.go:18.81,21.2 1 0
github.com/dnsoftware/mpm-save-get-shares/internal/controller/kafka_consumer/shares/consumer.go:24.83,26.2 1 0
github.com/dnsoftware/mpm-save-get-shares/internal/controller/kafka_consumer/shares/consumer.go:29.121,30.36 1 0
github.com/dnsoftware/mpm-save-get-shares/internal/controller/kafka_consumer/shares/consumer.go:30.36,35.38 2 0
github.com/dnsoftware/mpm-save-get-shares/internal/controller/kafka_consumer/shares/consumer.go:35.38,37.4 1 0
github.com/dnsoftware/mpm-save-get-shares/internal/controller/kafka_consumer/shares/consumer.go:38.3,46.13 6 0
github.com/dnsoftware/mpm-save-get-shares/internal/controller/kafka_consumer/shares/consumer.go:48.2,48.12 1 0
github.com/dnsoftware/mpm-save-get-shares/cmd/app/main.go:13.13,17.16 3 0
github.com/dnsoftware/mpm-save-get-shares/cmd/app/main.go:17.16,19.3 1 0
github.com/dnsoftware/mpm-save-get-shares/cmd/app/main.go:20.2,24.16 4 0
github.com/dnsoftware/mpm-save-get-shares/cmd/app/main.go:24.17,26.3 0 0
github.com/dnsoftware/mpm-save-get-shares/cmd/app/main.go:28.2,28.25 1 0
github.com/dnsoftware/mpm-save-get-shares/config/config.go:39.59,45.16 4 1
github.com/dnsoftware/mpm-save-get-shares/config/config.go:45.16,48.61 3 1
github.com/dnsoftware/mpm-save-get-shares/config/config.go:48.61,50.4 1 0
github.com/dnsoftware/mpm-save-get-shares/config/config.go:51.8,53.3 1 0
github.com/dnsoftware/mpm-save-get-shares/config/config.go:56.2,57.16 2 1
github.com/dnsoftware/mpm-save-get-shares/config/config.go:57.16,59.3 1 0
github.com/dnsoftware/mpm-save-get-shares/config/config.go:62.2,63.16 2 1
github.com/dnsoftware/mpm-save-get-shares/config/config.go:63.16,65.3 1 0
github.com/dnsoftware/mpm-save-get-shares/config/config.go:69.2,77.30 4 1
github.com/dnsoftware/mpm-save-get-shares/config/config.go:77.30,79.3 1 1
github.com/dnsoftware/mpm-save-get-shares/config/config.go:81.2,81.20 1 1
github.com/dnsoftware/mpm-save-get-shares/internal/app/app.go:12.62,20.2 3 0
github.com/dnsoftware/mpm-save-get-shares/internal/controller/kafka_consumer/shares/consumer.go:18.81,21.2 1 0
github.com/dnsoftware/mpm-save-get-shares/internal/controller/kafka_consumer/shares/consumer.go:24.83,26.2 1 0
github.com/dnsoftware/mpm-save-get-shares/internal/controller/kafka_consumer/shares/consumer.go:29.121,30.36 1 0
github.com/dnsoftware/mpm-save-get-shares/internal/controller/kafka_consumer/shares/consumer.go:30.36,35.38 2 0
github.com/dnsoftware/mpm-save-get-shares/internal/controller/kafka_consumer/shares/consumer.go:35.38,37.4 1 0
github.com/dnsoftware/mpm-save-get-shares/internal/controller/kafka_consumer/shares/consumer.go:38.3,46.13 6 0
github.com/dnsoftware/mpm-save-get-shares/internal/controller/kafka_consumer/shares/consumer.go:48.2,48.12 1 0
github.com/dnsoftware/mpm-save-get-shares/pkg/kafka_reader/reader.go:35.80,44.16 6 0
github.com/dnsoftware/mpm-save-get-shares/pkg/kafka_reader/reader.go:44.16,46.3 1 0
github.com/dnsoftware/mpm-save-get-shares/pkg/kafka_reader/reader.go:48.2,49.16 2 0
github.com/dnsoftware/mpm-save-get-shares/pkg/kafka_reader/reader.go:49.16,51.3 1 0
github.com/dnsoftware/mpm-save-get-shares/pkg/kafka_reader/reader.go:54.2,65.8 2 0
github.com/dnsoftware/mpm-save-get-shares/pkg/kafka_reader/reader.go:69.76,71.12 2 0
github.com/dnsoftware/mpm-save-get-shares/pkg/kafka_reader/reader.go:71.12,75.7 2 0
github.com/dnsoftware/mpm-save-get-shares/pkg/kafka_reader/reader.go:75.7,77.26 1 0
github.com/dnsoftware/mpm-save-get-shares/pkg/kafka_reader/reader.go:77.26,79.5 1 0
github.com/dnsoftware/mpm-save-get-shares/pkg/kafka_reader/reader.go:81.4,81.85 1 0
github.com/dnsoftware/mpm-save-get-shares/pkg/kafka_reader/reader.go:81.85,83.5 1 0
github.com/dnsoftware/mpm-save-get-shares/pkg/kafka_reader/reader.go:88.2,88.8 1 0
github.com/dnsoftware/mpm-save-get-shares/pkg/kafka_reader/reader.go:91.31,97.48 3 0
github.com/dnsoftware/mpm-save-get-shares/pkg/kafka_reader/reader.go:97.48,99.3 1 0
github.com/dnsoftware/mpm-save-get-shares/pkg/kafka_reader/reader.go:101.2,101.40 1 0
github.com/dnsoftware/mpm-save-get-shares/pkg/kafka_reader/reader.go:101.40,103.3 1 0
github.com/dnsoftware/mpm-save-get-shares/pkg/kafka_reader/reader.go:105.2,105.102 1 0
github.com/dnsoftware/mpm-save-get-shares/pkg/kafka_reader/reader.go:109.58,112.16 2 0
github.com/dnsoftware/mpm-save-get-shares/pkg/kafka_reader/reader.go:112.16,115.3 2 0
github.com/dnsoftware/mpm-save-get-shares/pkg/kafka_reader/reader.go:116.2,120.16 3 0
github.com/dnsoftware/mpm-save-get-shares/pkg/kafka_reader/reader.go:120.16,123.3 2 0
github.com/dnsoftware/mpm-save-get-shares/pkg/kafka_reader/reader.go:124.2,128.16 3 0
github.com/dnsoftware/mpm-save-get-shares/pkg/kafka_reader/reader.go:128.16,130.3 1 0
github.com/dnsoftware/mpm-save-get-shares/pkg/kafka_reader/reader.go:133.2,133.39 1 0
github.com/dnsoftware/mpm-save-get-shares/pkg/kafka_reader/reader.go:133.39,135.17 2 0
github.com/dnsoftware/mpm-save-get-shares/pkg/kafka_reader/reader.go:135.17,137.12 2 0
github.com/dnsoftware/mpm-save-get-shares/pkg/kafka_reader/reader.go:139.3,147.94 4 0
github.com/dnsoftware/mpm-save-get-shares/pkg/kafka_reader/reader.go:150.2,150.12 1 0
github.com/dnsoftware/mpm-save-get-shares/pkg/kafka_writer/header_carrier.go:9.55,10.23 1 0
github.com/dnsoftware/mpm-save-get-shares/pkg/kafka_writer/header_carrier.go:10.23,11.27 1 0
github.com/dnsoftware/mpm-save-get-shares/pkg/kafka_writer/header_carrier.go:11.27,13.4 1 0
github.com/dnsoftware/mpm-save-get-shares/pkg/kafka_writer/header_carrier.go:15.2,15.11 1 0
github.com/dnsoftware/mpm-save-get-shares/pkg/kafka_writer/header_carrier.go:18.55,20.2 1 0
github.com/dnsoftware/mpm-save-get-shares/pkg/kafka_writer/header_carrier.go:22.48,24.23 2 0
github.com/dnsoftware/mpm-save-get-shares/pkg/kafka_writer/header_carrier.go:24.23,26.3 1 0
github.com/dnsoftware/mpm-save-get-shares/pkg/kafka_writer/header_carrier.go:27.2,27.13 1 0
github.com/dnsoftware/mpm-save-get-shares/pkg/kafka_writer/writer.go:35.80,56.16 14 0
github.com/dnsoftware/mpm-save-get-shares/pkg/kafka_writer/writer.go:56.16,58.3 1 0
github.com/dnsoftware/mpm-save-get-shares/pkg/kafka_writer/writer.go:60.2,66.8 1 0
github.com/dnsoftware/mpm-save-get-shares/pkg/kafka_writer/writer.go:70.31,76.12 3 0
github.com/dnsoftware/mpm-save-get-shares/pkg/kafka_writer/writer.go:76.12,78.47 2 0
github.com/dnsoftware/mpm-save-get-shares/pkg/kafka_writer/writer.go:78.47,80.4 1 0
github.com/dnsoftware/mpm-save-get-shares/pkg/kafka_writer/writer.go:84.2,85.12 2 0
github.com/dnsoftware/mpm-save-get-shares/pkg/kafka_writer/writer.go:85.12,87.40 2 0
github.com/dnsoftware/mpm-save-get-shares/pkg/kafka_writer/writer.go:87.40,89.4 1 0
github.com/dnsoftware/mpm-save-get-shares/pkg/kafka_writer/writer.go:94.82,110.2 6 0
github.com/dnsoftware/mpm-save-get-shares/pkg/kafka_writer/writer.go:113.31,118.2 3 0
github.com/dnsoftware/mpm-save-get-shares/pkg/kafka_writer/writer.go:120.55,127.16 3 0
github.com/dnsoftware/mpm-save-get-shares/pkg/kafka_writer/writer.go:127.16,129.3 1 0
github.com/dnsoftware/mpm-save-get-shares/pkg/kafka_writer/writer.go:130.2,134.16 3 0
github.com/dnsoftware/mpm-save-get-shares/pkg/kafka_writer/writer.go:134.16,136.3 1 0
github.com/dnsoftware/mpm-save-get-shares/pkg/kafka_writer/writer.go:138.2,138.12 1 0
github.com/dnsoftware/mpm-save-get-shares/pkg/logger/logger.go:26.44,27.31 1 0
github.com/dnsoftware/mpm-save-get-shares/pkg/logger/logger.go:27.31,29.3 1 0
github.com/dnsoftware/mpm-save-get-shares/pkg/logger/logger.go:30.2,30.27 1 0
github.com/dnsoftware/mpm-save-get-shares/pkg/logger/logger.go:33.57,35.16 2 0
github.com/dnsoftware/mpm-save-get-shares/pkg/logger/logger.go:35.16,36.13 1 0
github.com/dnsoftware/mpm-save-get-shares/pkg/logger/logger.go:38.2,38.30 1 0
github.com/dnsoftware/mpm-save-get-shares/pkg/logger/logger.go:41.46,42.17 1 0
github.com/dnsoftware/mpm-save-get-shares/pkg/logger/logger.go:42.17,46.32 3 0
github.com/dnsoftware/mpm-save-get-shares/pkg/logger/logger.go:46.32,49.4 2 0
github.com/dnsoftware/mpm-save-get-shares/pkg/logger/logger.go:50.3,55.32 3 0
github.com/dnsoftware/mpm-save-get-shares/pkg/logger/logger.go:55.32,61.4 4 0
github.com/dnsoftware/mpm-save-get-shares/pkg/logger/logger.go:63.3,64.29 2 0
github.com/dnsoftware/mpm-save-get-shares/pkg/logger/logger.go:68.20,69.21 1 0
github.com/dnsoftware/mpm-save-get-shares/pkg/logger/logger.go:69.21,70.81 1 0
github.com/dnsoftware/mpm-save-get-shares/pkg/logger/logger.go:72.2,72.17 1 0
github.com/dnsoftware/mpm-save-get-shares/pkg/logger/logger.go:75.45,77.16 2 0
github.com/dnsoftware/mpm-save-get-shares/pkg/logger/logger.go:77.16,79.3 1 0
github.com/dnsoftware/mpm-save-get-shares/pkg/logger/logger.go:80.2,82.22 2 0
github.com/dnsoftware/mpm-save-get-shares/pkg/logger/logger.go:85.45,87.16 2 0
github.com/dnsoftware/mpm-save-get-shares/pkg/logger/logger.go:87.16,89.3 1 0
github.com/dnsoftware/mpm-save-get-shares/pkg/logger/logger.go:90.2,92.22 2 0
github.com/dnsoftware/mpm-save-get-shares/pkg/otel/otel.go:32.36,43.16 3 0
github.com/dnsoftware/mpm-save-get-shares/pkg/otel/otel.go:43.16,45.3 1 0
github.com/dnsoftware/mpm-save-get-shares/pkg/otel/otel.go:48.2,68.16 6 0
github.com/dnsoftware/mpm-save-get-shares/pkg/otel/otel.go:68.16,69.42 1 0
github.com/dnsoftware/mpm-save-get-shares/pkg/otel/otel.go:69.42,71.4 1 0
github.com/dnsoftware/mpm-save-get-shares/pkg/otel/otel.go:76.32,79.16 2 0
github.com/dnsoftware/mpm-save-get-shares/pkg/otel/otel.go:79.16,81.3 1 0
github.com/dnsoftware/mpm-save-get-shares/pkg/otel/otel.go:84.2,95.16 3 0
github.com/dnsoftware/mpm-save-get-shares/pkg/otel/otel.go:95.16,96.59 1 0
github.com/dnsoftware/mpm-save-get-shares/pkg/otel/otel.go:96.59,98.4 1 0
github.com/dnsoftware/mpm-save-get-shares/pkg/otel/otel.go:107.94,109.2 1 0
github.com/dnsoftware/mpm-save-get-shares/pkg/otel/otel.go:113.67,116.43 1 0
github.com/dnsoftware/mpm-save-get-shares/pkg/otel/otel.go:116.43,118.3 1 0
github.com/dnsoftware/mpm-save-get-shares/pkg/otel/otel.go:119.2,119.22 1 0
github.com/dnsoftware/mpm-save-get-shares/pkg/otel/otel.go:122.72,124.2 1 0
github.com/dnsoftware/mpm-save-get-shares/pkg/otel/otel.go:126.74,128.2 1 0
github.com/dnsoftware/mpm-save-get-shares/pkg/utils/projectdir.go:13.56,16.16 2 1
github.com/dnsoftware/mpm-save-get-shares/pkg/utils/projectdir.go:16.16,18.3 1 0
github.com/dnsoftware/mpm-save-get-shares/pkg/utils/projectdir.go:20.2,20.6 1 1
github.com/dnsoftware/mpm-save-get-shares/pkg/utils/projectdir.go:20.6,21.75 1 2
github.com/dnsoftware/mpm-save-get-shares/pkg/utils/projectdir.go:21.75,23.4 1 1
github.com/dnsoftware/mpm-save-get-shares/pkg/utils/projectdir.go:25.3,26.30 2 1
github.com/dnsoftware/mpm-save-get-shares/pkg/utils/projectdir.go:26.30,28.9 1 0
github.com/dnsoftware/mpm-save-get-shares/pkg/utils/projectdir.go:30.3,30.25 1 1
github.com/dnsoftware/mpm-save-get-shares/pkg/utils/projectdir.go:32.2,32.76 1 0
github.com/dnsoftware/mpm-save-get-shares/test/testcontainers/kafka.go:13.73,16.16 3 0
github.com/dnsoftware/mpm-save-get-shares/test/testcontainers/kafka.go:16.16,18.3 1 0
github.com/dnsoftware/mpm-save-get-shares/test/testcontainers/kafka.go:19.2,21.65 2 0
github.com/dnsoftware/mpm-save-get-shares/test/testcontainers/kafka.go:21.65,23.3 1 0
github.com/dnsoftware/mpm-save-get-shares/test/testcontainers/kafka.go:25.2,25.28 1 0
github.com/dnsoftware/mpm-save-get-shares/cmd/app/main.go:13.13,17.16 3 0
github.com/dnsoftware/mpm-save-get-shares/cmd/app/main.go:17.16,19.3 1 0
github.com/dnsoftware/mpm-save-get-shares/cmd/app/main.go:20.2,24.16 4 0
github.com/dnsoftware/mpm-save-get-shares/cmd/app/main.go:24.17,26.3 0 0
github.com/dnsoftware/mpm-save-get-shares/cmd/app/main.go:28.2,28.25 1 0
github.com/dnsoftware/mpm-save-get-shares/config/config.go:39.59,45.16 4 0
github.com/dnsoftware/mpm-save-get-shares/config/config.go:45.16,48.61 3 0
github.com/dnsoftware/mpm-save-get-shares/config/config.go:48.61,50.4 1 0
github.com/dnsoftware/mpm-save-get-shares/config/config.go:51.8,53.3 1 0
github.com/dnsoftware/mpm-save-get-shares/config/config.go:56.2,57.16 2 0
github.com/dnsoftware/mpm-save-get-shares/config/config.go:57.16,59.3 1 0
github.com/dnsoftware/mpm-save-get-shares/config/config.go:62.2,63.16 2 0
github.com/dnsoftware/mpm-save-get-shares/config/config.go:63.16,65.3 1 0
github.com/dnsoftware/mpm-save-get-shares/config/config.go:69.2,77.30 4 0
github.com/dnsoftware/mpm-save-get-shares/config/config.go:77.30,79.3 1 0
github.com/dnsoftware/mpm-save-get-shares/config/config.go:81.2,81.20 1 0
github.com/dnsoftware/mpm-save-get-shares/internal/app/app.go:12.62,20.2 3 0
github.com/dnsoftware/mpm-save-get-shares/internal/controller/kafka_consumer/shares/consumer.go:18.81,21.2 1 0
github.com/dnsoftware/mpm-save-get-shares/internal/controller/kafka_consumer/shares/consumer.go:24.83,26.2 1 0
github.com/dnsoftware/mpm-save-get-shares/internal/controller/kafka_consumer/shares/consumer.go:29.121,30.36 1 0
github.com/dnsoftware/mpm-save-get-shares/internal/controller/kafka_consumer/shares/consumer.go:30.36,35.38 2 0
github.com/dnsoftware/mpm-save-get-shares/internal/controller/kafka_consumer/shares/consumer.go:35.38,37.4 1 0
github.com/dnsoftware/mpm-save-get-shares/internal/controller/kafka_consumer/shares/consumer.go:38.3,46.13 6 0
github.com/dnsoftware/mpm-save-get-shares/internal/controller/kafka_consumer/shares/consumer.go:48.2,48.12 1 0
github.com/dnsoftware/mpm-save-get-shares/pkg/kafka_reader/reader.go:35.80,44.16 6 0
github.com/dnsoftware/mpm-save-get-shares/pkg/kafka_reader/reader.go:44.16,46.3 1 0
github.com/dnsoftware/mpm-save-get-shares/pkg/kafka_reader/reader.go:48.2,49.16 2 0
github.com/dnsoftware/mpm-save-get-shares/pkg/kafka_reader/reader.go:49.16,51.3 1 0
github.com/dnsoftware/mpm-save-get-shares/pkg/kafka_reader/reader.go:54.2,65.8 2 0
github.com/dnsoftware/mpm-save-get-shares/pkg/kafka_reader/reader.go:69.76,71.12 2 0
github.com/dnsoftware/mpm-save-get-shares/pkg/kafka_reader/reader.go:71.12,75.7 2 0
github.com/dnsoftware/mpm-save-get-shares/pkg/kafka_reader/reader.go:75.7,77.26 1 0
github.com/dnsoftware/mpm-save-get-shares/pkg/kafka_reader/reader.go:77.26,79.5 1 0
github.com/dnsoftware/mpm-save-get-shares/pkg/kafka_reader/reader.go:81.4,81.85 1 0
github.com/dnsoftware/mpm-save-get-shares/pkg/kafka_reader/reader.go:81.85,83.5 1 0
github.com/dnsoftware/mpm-save-get-shares/pkg/kafka_reader/reader.go:88.2,88.8 1 0
github.com/dnsoftware/mpm-save-get-shares/pkg/kafka_reader/reader.go:91.31,97.48 3 0
github.com/dnsoftware/mpm-save-get-shares/pkg/kafka_reader/reader.go:97.48,99.3 1 0
github.com/dnsoftware/mpm-save-get-shares/pkg/kafka_reader/reader.go:101.2,101.40 1 0
github.com/dnsoftware/mpm-save-get-shares/pkg/kafka_reader/reader.go:101.40,103.3 1 0
github.com/dnsoftware/mpm-save-get-shares/pkg/kafka_reader/reader.go:105.2,105.102 1 0
github.com/dnsoftware/mpm-save-get-shares/pkg/kafka_reader/reader.go:109.58,112.16 2 0
github.com/dnsoftware/mpm-save-get-shares/pkg/kafka_reader/reader.go:112.16,115.3 2 0
github.com/dnsoftware/mpm-save-get-shares/pkg/kafka_reader/reader.go:116.2,120.16 3 0
github.com/dnsoftware/mpm-save-get-shares/pkg/kafka_reader/reader.go:120.16,123.3 2 0
github.com/dnsoftware/mpm-save-get-shares/pkg/kafka_reader/reader.go:124.2,128.16 3 0
github.com/dnsoftware/mpm-save-get-shares/pkg/kafka_reader/reader.go:128.16,130.3 1 0
github.com/dnsoftware/mpm-save-get-shares/pkg/kafka_reader/reader.go:133.2,133.39 1 0
github.com/dnsoftware/mpm-save-get-shares/pkg/kafka_reader/reader.go:133.39,135.17 2 0
github.com/dnsoftware/mpm-save-get-shares/pkg/kafka_reader/reader.go:135.17,137.12 2 0
github.com/dnsoftware/mpm-save-get-shares/pkg/kafka_reader/reader.go:139.3,147.94 4 0
github.com/dnsoftware/mpm-save-get-shares/pkg/kafka_reader/reader.go:150.2,150.12 1 0
github.com/dnsoftware/mpm-save-get-shares/pkg/kafka_writer/header_carrier.go:9.55,10.23 1 0
github.com/dnsoftware/mpm-save-get-shares/pkg/kafka_writer/header_carrier.go:10.23,11.27 1 0
github.com/dnsoftware/mpm-save-get-shares/pkg/kafka_writer/header_carrier.go:11.27,13.4 1 0
github.com/dnsoftware/mpm-save-get-shares/pkg/kafka_writer/header_carrier.go:15.2,15.11 1 0
github.com/dnsoftware/mpm-save-get-shares/pkg/kafka_writer/header_carrier.go:18.55,20.2 1 0
github.com/dnsoftware/mpm-save-get-shares/pkg/kafka_writer/header_carrier.go:22.48,24.23 2 0
github.com/dnsoftware/mpm-save-get-shares/pkg/kafka_writer/header_carrier.go:24.23,26.3 1 0
github.com/dnsoftware/mpm-save-get-shares/pkg/kafka_writer/header_carrier.go:27.2,27.13 1 0
github.com/dnsoftware/mpm-save-get-shares/pkg/kafka_writer/writer.go:35.80,56.16 14 0
github.com/dnsoftware/mpm-save-get-shares/pkg/kafka_writer/writer.go:56.16,58.3 1 0
github.com/dnsoftware/mpm-save-get-shares/pkg/kafka_writer/writer.go:60.2,66.8 1 0
github.com/dnsoftware/mpm-save-get-shares/pkg/kafka_writer/writer.go:70.31,76.12 3 0
github.com/dnsoftware/mpm-save-get-shares/pkg/kafka_writer/writer.go:76.12,78.47 2 0
github.com/dnsoftware/mpm-save-get-shares/pkg/kafka_writer/writer.go:78.47,80.4 1 0
github.com/dnsoftware/mpm-save-get-shares/pkg/kafka_writer/writer.go:84.2,85.12 2 0
github.com/dnsoftware/mpm-save-get-shares/pkg/kafka_writer/writer.go:85.12,87.40 2 0
github.com/dnsoftware/mpm-save-get-shares/pkg/kafka_writer/writer.go:87.40,89.4 1 0
github.com/dnsoftware/mpm-save-get-shares/pkg/kafka_writer/writer.go:94.82,110.2 6 0
github.com/dnsoftware/mpm-save-get-shares/pkg/kafka_writer/writer.go:113.31,118.2 3 0
github.com/dnsoftware/mpm-save-get-shares/pkg/kafka_writer/writer.go:120.55,127.16 3 0
github.com/dnsoftware/mpm-save-get-shares/pkg/kafka_writer/writer.go:127.16,129.3 1 0
github.com/dnsoftware/mpm-save-get-shares/pkg/kafka_writer/writer.go:130.2,134.16 3 0
github.com/dnsoftware/mpm-save-get-shares/pkg/kafka_writer/writer.go:134.16,136.3 1 0
github.com/dnsoftware/mpm-save-get-shares/pkg/kafka_writer/writer.go:138.2,138.12 1 0
github.com/dnsoftware/mpm-save-get-shares/pkg/logger/logger.go:26.44,27.31 1 0
github.com/dnsoftware/mpm-save-get-shares/pkg/logger/logger.go:27.31,29.3 1 0
github.com/dnsoftware/mpm-save-get-shares/pkg/logger/logger.go:30.2,30.27 1 0
github.com/dnsoftware/mpm-save-get-shares/pkg/logger/logger.go:33.57,35.16 2 0
github.com/dnsoftware/mpm-save-get-shares/pkg/logger/logger.go:35.16,36.13 1 0
github.com/dnsoftware/mpm-save-get-shares/pkg/logger/logger.go:38.2,38.30 1 0
github.com/dnsoftware/mpm-save-get-shares/pkg/logger/logger.go:41.46,42.17 1 0
github.com/dnsoftware/mpm-save-get-shares/pkg/logger/logger.go:42.17,46.32 3 0
github.com/dnsoftware/mpm-save-get-shares/pkg/logger/logger.go:46.32,49.4 2 0
github.com/dnsoftware/mpm-save-get-shares/pkg/logger/logger.go:50.3,55.32 3 0
github.com/dnsoftware/mpm-save-get-shares/pkg/logger/logger.go:55.32,61.4 4 0
github.com/dnsoftware/mpm-save-get-shares/pkg/logger/logger.go:63.3,64.29 2 0
github.com/dnsoftware/mpm-save-get-shares/pkg/logger/logger.go:68.20,69.21 1 0
github.com/dnsoftware/mpm-save-get-shares/pkg/logger/logger.go:69.21,70.81 1 0
github.com/dnsoftware/mpm-save-get-shares/pkg/logger/logger.go:72.2,72.17 1 0
github.com/dnsoftware/mpm-save-get-shares/pkg/logger/logger.go:75.45,77.16 2 0
github.com/dnsoftware/mpm-save-get-shares/pkg/logger/logger.go:77.16,79.3 1 0
github.com/dnsoftware/mpm-save-get-shares/pkg/logger/logger.go:80.2,82.22 2 0
github.com/dnsoftware/mpm-save-get-shares/pkg/logger/logger.go:85.45,87.16 2 0
github.com/dnsoftware/mpm-save-get-shares/pkg/logger/logger.go:87.16,89.3 1 0
github.com/dnsoftware/mpm-save-get-shares/pkg/logger/logger.go:90.2,92.22 2 0
github.com/dnsoftware/mpm-save-get-shares/pkg/otel/otel.go:32.36,43.16 3 0
github.com/dnsoftware/mpm-save-get-shares/pkg/otel/otel.go:43.16,45.3 1 0
github.com/dnsoftware/mpm-save-get-shares/pkg/otel/otel.go:48.2,68.16 6 0
github.com/dnsoftware/mpm-save-get-shares/pkg/otel/otel.go:68.16,69.42 1 0
github.com/dnsoftware/mpm-save-get-shares/pkg/otel/otel.go:69.42,71.4 1 0
github.com/dnsoftware/mpm-save-get-shares/pkg/otel/otel.go:76.32,79.16 2 0
github.com/dnsoftware/mpm-save-get-shares/pkg/otel/otel.go:79.16,81.3 1 0
github.com/dnsoftware/mpm-save-get-shares/pkg/otel/otel.go:84.2,95.16 3 0
github.com/dnsoftware/mpm-save-get-shares/pkg/otel/otel.go:95.16,96.59 1 0
github.com/dnsoftware/mpm-save-get-shares/pkg/otel/otel.go:96.59,98.4 1 0
github.com/dnsoftware/mpm-save-get-shares/pkg/otel/otel.go:107.94,109.2 1 0
github.com/dnsoftware/mpm-save-get-shares/pkg/otel/otel.go:113.67,116.43 1 0
github.com/dnsoftware/mpm-save-get-shares/pkg/otel/otel.go:116.43,118.3 1 0
github.com/dnsoftware/mpm-save-get-shares/pkg/otel/otel.go:119.2,119.22 1 0
github.com/dnsoftware/mpm-save-get-shares/pkg/otel/otel.go:122.72,124.2 1 0
github.com/dnsoftware/mpm-save-get-shares/pkg/otel/otel.go:126.74,128.2 1 0
github.com/dnsoftware/mpm-save-get-shares/pkg/utils/projectdir.go:13.56,16.16 2 0
github.com/dnsoftware/mpm-save-get-shares/pkg/utils/projectdir.go:16.16,18.3 1 0
github.com/dnsoftware/mpm-save-get-shares/pkg/utils/projectdir.go:20.2,20.6 1 0
github.com/dnsoftware/mpm-save-get-shares/pkg/utils/projectdir.go:20.6,21.75 1 0
github.com/dnsoftware/mpm-save-get-shares/pkg/utils/projectdir.go:21.75,23.4 1 0
github.com/dnsoftware/mpm-save-get-shares/pkg/utils/projectdir.go:25.3,26.30 2 0
github.com/dnsoftware/mpm-save-get-shares/pkg/utils/projectdir.go:26.30,28.9 1 0
github.com/dnsoftware/mpm-save-get-shares/pkg/utils/projectdir.go:30.3,30.25 1 0
github.com/dnsoftware/mpm-save-get-shares/pkg/utils/projectdir.go:32.2,32.76 1 0
github.com/dnsoftware/mpm-save-get-shares/test/testcontainers/kafka.go:13.73,16.16 3 0
github.com/dnsoftware/mpm-save-get-shares/test/testcontainers/kafka.go:16.16,18.3 1 0
github.com/dnsoftware/mpm-save-get-shares/test/testcontainers/kafka.go:19.2,21.65 2 0
github.com/dnsoftware/mpm-save-get-shares/test/testcontainers/kafka.go:21.65,23.3 1 0
github.com/dnsoftware/mpm-save-get-shares/test/testcontainers/kafka.go:25.2,25.28 1 0
github.com/dnsoftware/mpm-save-get-shares/cmd/app/main.go:13.13,17.16 3 0
github.com/dnsoftware/mpm-save-get-shares/cmd/app/main.go:17.16,19.3 1 0
github.com/dnsoftware/mpm-save-get-shares/cmd/app/main.go:20.2,24.16 4 0
github.com/dnsoftware/mpm-save-get-shares/cmd/app/main.go:24.17,26.3 0 0
github.com/dnsoftware/mpm-save-get-shares/cmd/app/main.go:28.2,28.25 1 0
github.com/dnsoftware/mpm-save-get-shares/config/config.go:39.59,45.16 4 0
github.com/dnsoftware/mpm-save-get-shares/config/config.go:45.16,48.61 3 0
github.com/dnsoftware/mpm-save-get-shares/config/config.go:48.61,50.4 1 0
github.com/dnsoftware/mpm-save-get-shares/config/config.go:51.8,53.3 1 0
github.com/dnsoftware/mpm-save-get-shares/config/config.go:56.2,57.16 2 0
github.com/dnsoftware/mpm-save-get-shares/config/config.go:57.16,59.3 1 0
github.com/dnsoftware/mpm-save-get-shares/config/config.go:62.2,63.16 2 0
github.com/dnsoftware/mpm-save-get-shares/config/config.go:63.16,65.3 1 0
github.com/dnsoftware/mpm-save-get-shares/config/config.go:69.2,77.30 4 0
github.com/dnsoftware/mpm-save-get-shares/config/config.go:77.30,79.3 1 0
github.com/dnsoftware/mpm-save-get-shares/config/config.go:81.2,81.20 1 0
github.com/dnsoftware/mpm-save-get-shares/internal/app/app.go:12.62,20.2 3 0
github.com/dnsoftware/mpm-save-get-shares/internal/controller/kafka_consumer/shares/consumer.go:18.81,21.2 1 0
github.com/dnsoftware/mpm-save-get-shares/internal/controller/kafka_consumer/shares/consumer.go:24.83,26.2 1 0
github.com/dnsoftware/mpm-save-get-shares/internal/controller/kafka_consumer/shares/consumer.go:29.121,30.36 1 0
github.com/dnsoftware/mpm-save-get-shares/internal/controller/kafka_consumer/shares/consumer.go:30.36,35.38 2 0
github.com/dnsoftware/mpm-save-get-shares/internal/controller/kafka_consumer/shares/consumer.go:35.38,37.4 1 0
github.com/dnsoftware/mpm-save-get-shares/internal/controller/kafka_consumer/shares/consumer.go:38.3,46.13 6 0
github.com/dnsoftware/mpm-save-get-shares/internal/controller/kafka_consumer/shares/consumer.go:48.2,48.12 1 0
github.com/dnsoftware/mpm-save-get-shares/pkg/kafka_reader/reader.go:35.80,44.16 6 0
github.com/dnsoftware/mpm-save-get-shares/pkg/kafka_reader/reader.go:44.16,46.3 1 0
github.com/dnsoftware/mpm-save-get-shares/pkg/kafka_reader/reader.go:48.2,49.16 2 0
github.com/dnsoftware/mpm-save-get-shares/pkg/kafka_reader/reader.go:49.16,51.3 1 0
github.com/dnsoftware/mpm-save-get-shares/pkg/kafka_reader/reader.go:54.2,65.8 2 0
github.com/dnsoftware/mpm-save-get-shares/pkg/kafka_reader/reader.go:69.76,71.12 2 0
github.com/dnsoftware/mpm-save-get-shares/pkg/kafka_reader/reader.go:71.12,75.7 2 0
github.com/dnsoftware/mpm-save-get-shares/pkg/kafka_reader/reader.go:75.7,77.26 1 0
github.com/dnsoftware/mpm-save-get-shares/pkg/kafka_reader/reader.go:77.26,79.5 1 0
github.com/dnsoftware/mpm-save-get-shares/pkg/kafka_reader/reader.go:81.4,81.85 1 0
github.com/dnsoftware/mpm-save-get-shares/pkg/kafka_reader/reader.go:81.85,83.5 1 0
github.com/dnsoftware/mpm-save-get-shares/pkg/kafka_reader/reader.go:88.2,88.8 1 0
github.com/dnsoftware/mpm-save-get-shares/pkg/kafka_reader/reader.go:91.31,97.48 3 0
github.com/dnsoftware/mpm-save-get-shares/pkg/kafka_reader/reader.go:97.48,99.3 1 0
github.com/dnsoftware/mpm-save-get-shares/pkg/kafka_reader/reader.go:101.2,101.40 1 0
github.com/dnsoftware/mpm-save-get-shares/pkg/kafka_reader/reader.go:101.40,103.3 1 0
github.com/dnsoftware/mpm-save-get-shares/pkg/kafka_reader/reader.go:105.2,105.102 1 0
github.com/dnsoftware/mpm-save-get-shares/pkg/kafka_reader/reader.go:109.58,112.16 2 0
github.com/dnsoftware/mpm-save-get-shares/pkg/kafka_reader/reader.go:112.16,115.3 2 0
github.com/dnsoftware/mpm-save-get-shares/pkg/kafka_reader/reader.go:116.2,120.16 3 0
github.com/dnsoftware/mpm-save-get-shares/pkg/kafka_reader/reader.go:120.16,123.3 2 0
github.com/dnsoftware/mpm-save-get-shares/pkg/kafka_reader/reader.go:124.2,128.16 3 0
github.com/dnsoftware/mpm-save-get-shares/pkg/kafka_reader/reader.go:128.16,130.3 1 0
github.com/dnsoftware/mpm-save-get-shares/pkg/kafka_reader/reader.go:133.2,133.39 1 0
github.com/dnsoftware/mpm-save-get-shares/pkg/kafka_reader/reader.go:133.39,135.17 2 0
github.com/dnsoftware/mpm-save-get-shares/pkg/kafka_reader/reader.go:135.17,137.12 2 0
github.com/dnsoftware/mpm-save-get-shares/pkg/kafka_reader/reader.go:139.3,147.94 4 0
github.com/dnsoftware/mpm-save-get-shares/pkg/kafka_reader/reader.go:150.2,150.12 1 0
github.com/dnsoftware/mpm-save-get-shares/pkg/kafka_writer/header_carrier.go:9.55,10.23 1 0
github.com/dnsoftware/mpm-save-get-shares/pkg/kafka_writer/header_carrier.go:10.23,11.27 1 0
github.com/dnsoftware/mpm-save-get-shares/pkg/kafka_writer/header_carrier.go:11.27,13.4 1 0
github.com/dnsoftware/mpm-save-get-shares/pkg/kafka_writer/header_carrier.go:15.2,15.11 1 0
github.com/dnsoftware/mpm-save-get-shares/pkg/kafka_writer/header_carrier.go:18.55,20.2 1 0
github.com/dnsoftware/mpm-save-get-shares/pkg/kafka_writer/header_carrier.go:22.48,24.23 2 0
github.com/dnsoftware/mpm-save-get-shares/pkg/kafka_writer/header_carrier.go:24.23,26.3 1 0
github.com/dnsoftware/mpm-save-get-shares/pkg/kafka_writer/header_carrier.go:27.2,27.13 1 0
github.com/dnsoftware/mpm-save-get-shares/pkg/kafka_writer/writer.go:35.80,56.16 14 0
github.com/dnsoftware/mpm-save-get-shares/pkg/kafka_writer/writer.go:56.16,58.3 1 0
github.com/dnsoftware/mpm-save-get-shares/pkg/kafka_writer/writer.go:60.2,66.8 1 0
github.com/dnsoftware/mpm-save-get-shares/pkg/kafka_writer/writer.go:70.31,76.12 3 0
github.com/dnsoftware/mpm-save-get-shares/pkg/kafka_writer/writer.go:76.12,78.47 2 0
github.com/dnsoftware/mpm-save-get-shares/pkg/kafka_writer/writer.go:78.47,80.4 1 0
github.com/dnsoftware/mpm-save-get-shares/pkg/kafka_writer/writer.go:84.2,85.12 2 0
github.com/dnsoftware/mpm-save-get-shares/pkg/kafka_writer/writer.go:85.12,87.40 2 0
github.com/dnsoftware/mpm-save-get-shares/pkg/kafka_writer/writer.go:87.40,89.4 1 0
github.com/dnsoftware/mpm-save-get-shares/pkg/kafka_writer/writer.go:94.82,110.2 6 0
github.com/dnsoftware/mpm-save-get-shares/pkg/kafka_writer/writer.go:113.31,118.2 3 0
github.com/dnsoftware/mpm-save-get-shares/pkg/kafka_writer/writer.go:120.55,127.16 3 0
github.com/dnsoftware/mpm-save-get-shares/pkg/kafka_writer/writer.go:127.16,129.3 1 0
github.com/dnsoftware/mpm-save-get-shares/pkg/kafka_writer/writer.go:130.2,134.16 3 0
github.com/dnsoftware/mpm-save-get-shares/pkg/kafka_writer/writer.go:134.16,136.3 1 0
github.com/dnsoftware/mpm-save-get-shares/pkg/kafka_writer/writer.go:138.2,138.12 1 0
github.com/dnsoftware/mpm-save-get-shares/pkg/logger/logger.go:26.44,27.31 1 0
github.com/dnsoftware/mpm-save-get-shares/pkg/logger/logger.go:27.31,29.3 1 0
github.com/dnsoftware/mpm-save-get-shares/pkg/logger/logger.go:30.2,30.27 1 0
github.com/dnsoftware/mpm-save-get-shares/pkg/logger/logger.go:33.57,35.16 2 0
github.com/dnsoftware/mpm-save-get-shares/pkg/logger/logger.go:35.16,36.13 1 0
github.com/dnsoftware/mpm-save-get-shares/pkg/logger/logger.go:38.2,38.30 1 0
github.com/dnsoftware/mpm-save-get-shares/pkg/logger/logger.go:41.46,42.17 1 0
github.com/dnsoftware/mpm-save-get-shares/pkg/logger/logger.go:42.17,46.32 3 0
github.com/dnsoftware/mpm-save-get-shares/pkg/logger/logger.go:46.32,49.4 2 0
github.com/dnsoftware/mpm-save-get-shares/pkg/logger/logger.go:50.3,55.32 3 0
github.com/dnsoftware/mpm-save-get-shares/pkg/logger/logger.go:55.32,61.4 4 0
github.com/dnsoftware/mpm-save-get-shares/pkg/logger/logger.go:63.3,64.29 2 0
github.com/dnsoftware/mpm-save-get-shares/pkg/logger/logger.go:68.20,69.21 1 0
github.com/dnsoftware/mpm-save-get-shares/pkg/logger/logger.go:69.21,70.81 1 0
github.com/dnsoftware/mpm-save-get-shares/pkg/logger/logger.go:72.2,72.17 1 0
github.com/dnsoftware/mpm-save-get-shares/pkg/logger/logger.go:75.45,77.16 2 0
github.com/dnsoftware/mpm-save-get-shares/pkg/logger/logger.go:77.16,79.3 1 0
github.com/dnsoftware/mpm-save-get-shares/pkg/logger/logger.go:80.2,82.22 2 0
github.com/dnsoftware/mpm-save-get-shares/pkg/logger/logger.go:85.45,87.16 2 0
github.com/dnsoftware/mpm-save-get-shares/pkg/logger/logger.go:87.16,89.3 1 0
github.com/dnsoftware/mpm-save-get-shares/pkg/logger/logger.go:90.2,92.22 2 0
github.com/dnsoftware/mpm-save-get-shares/pkg/otel/otel.go:32.36,43.16 3 0
github.com/dnsoftware/mpm-save-get-shares/pkg/otel/otel.go:43.16,45.3 1 0
github.com/dnsoftware/mpm-save-get-shares/pkg/otel/otel.go:48.2,68.16 6 0
github.com/dnsoftware/mpm-save-get-shares/pkg/otel/otel.go:68.16,69.42 1 0
github.com/dnsoftware/mpm-save-get-shares/pkg/otel/otel.go:69.42,71.4 1 0
github.com/dnsoftware/mpm-save-get-shares/pkg/otel/otel.go:76.32,79.16 2 0
github.com/dnsoftware/mpm-save-get-shares/pkg/otel/otel.go:79.16,81.3 1 0
github.com/dnsoftware/mpm-save-get-shares/pkg/otel/otel.go:84.2,95.16 3 0
github.com/dnsoftware/mpm-save-get-shares/pkg/otel/otel.go:95.16,96.59 1 0
github.com/dnsoftware/mpm-save-get-shares/pkg/otel/otel.go:96.59,98.4 1 0
github.com/dnsoftware/mpm-save-get-shares/pkg/otel/otel.go:107.94,109.2 1 0
github.com/dnsoftware/mpm-save-get-shares/pkg/otel/otel.go:113.67,116.43 1 0
github.com/dnsoftware/mpm-save-get-shares/pkg/otel/otel.go:116.43,118.3 1 0
github.com/dnsoftware/mpm-save-get-shares/pkg/otel/otel.go:119.2,119.22 1 0
github.com/dnsoftware/mpm-save-get-shares/pkg/otel/otel.go:122.72,124.2 1 0
github.com/dnsoftware/mpm-save-get-shares/pkg/otel/otel.go:126.74,128.2 1 0
github.com/dnsoftware/mpm-save-get-shares/pkg/utils/projectdir.go:13.56,16.16 2 0
github.com/dnsoftware/mpm-save-get-shares/pkg/utils/projectdir.go:16.16,18.3 1 0
github.com/dnsoftware/mpm-save-get-shares/pkg/utils/projectdir.go:20.2,20.6 1 0
github.com/dnsoftware/mpm-save-get-shares/pkg/utils/projectdir.go:20.6,21.75 1 0
github.com/dnsoftware/mpm-save-get-shares/pkg/utils/projectdir.go:21.75,23.4 1 0
github.com/dnsoftware/mpm-save-get-shares/pkg/utils/projectdir.go:25.3,26.30 2 0
github.com/dnsoftware/mpm-save-get-shares/pkg/utils/projectdir.go:26.30,28.9 1 0
github.com/dnsoftware/mpm-save-get-shares/pkg/utils/projectdir.go:30.3,30.25 1 0
github.com/dnsoftware/mpm-save-get-shares/pkg/utils/projectdir.go:32.2,32.76 1 0
github.com/dnsoftware/mpm-save-get-shares/test/testcontainers/kafka.go:13.73,16.16 3 0
github.com/dnsoftware/mpm-save-get-shares/test/testcontainers/kafka.go:16.16,18.3 1 0
github.com/dnsoftware/mpm-save-get-shares/test/testcontainers/kafka.go:19.2,21.65 2 0
github.com/dnsoftware/mpm-save-get-shares/test/testcontainers/kafka.go:21.65,23.3 1 0
github.com/dnsoftware/mpm-save-get-shares/test/testcontainers/kafka.go:25.2,25.28 1 0
github.com/dnsoftware/mpm-save-get-shares/cmd/app/main.go:13.13,17.16 3 0
github.com/dnsoftware/mpm-save-get-shares/cmd/app/main.go:17.16,19.3 1 0
github.com/dnsoftware/mpm-save-get-shares/cmd/app/main.go:20.2,24.16 4 0
github.com/dnsoftware/mpm-save-get-shares/cmd/app/main.go:24.17,26.3 0 0
github.com/dnsoftware/mpm-save-get-shares/cmd/app/main.go:28.2,28.25 1 0
github.com/dnsoftware/mpm-save-get-shares/config/config.go:39.59,45.16 4 0
github.com/dnsoftware/mpm-save-get-shares/config/config.go:45.16,48.61 3 0
github.com/dnsoftware/mpm-save-get-shares/config/config.go:48.61,50.4 1 0
github.com/dnsoftware/mpm-save-get-shares/config/config.go:51.8,53.3 1 0
github.com/dnsoftware/mpm-save-get-shares/config/config.go:56.2,57.16 2 0
github.com/dnsoftware/mpm-save-get-shares/config/config.go:57.16,59.3 1 0
github.com/dnsoftware/mpm-save-get-shares/config/config.go:62.2,63.16 2 0
github.com/dnsoftware/mpm-save-get-shares/config/config.go:63.16,65.3 1 0
github.com/dnsoftware/mpm-save-get-shares/config/config.go:69.2,77.30 4 0
github.com/dnsoftware/mpm-save-get-shares/config/config.go:77.30,79.3 1 0
github.com/dnsoftware/mpm-save-get-shares/config/config.go:81.2,81.20 1 0
github.com/dnsoftware/mpm-save-get-shares/internal/app/app.go:12.62,20.2 3 0
github.com/dnsoftware/mpm-save-get-shares/internal/controller/kafka_consumer/shares/consumer.go:18.81,21.2 1 0
github.com/dnsoftware/mpm-save-get-shares/internal/controller/kafka_consumer/shares/consumer.go:24.83,26.2 1 0
github.com/dnsoftware/mpm-save-get-shares/internal/controller/kafka_consumer/shares/consumer.go:29.121,30.36 1 0
github.com/dnsoftware/mpm-save-get-shares/internal/controller/kafka_consumer/shares/consumer.go:30.36,35.38 2 0
github.com/dnsoftware/mpm-save-get-shares/internal/controller/kafka_consumer/shares/consumer.go:35.38,37.4 1 0
github.com/dnsoftware/mpm-save-get-shares/internal/controller/kafka_consumer/shares/consumer.go:38.3,46.13 6 0
github.com/dnsoftware/mpm-save-get-shares/internal/controller/kafka_consumer/shares/consumer.go:48.2,48.12 1 0
github.com/dnsoftware/mpm-save-get-shares/pkg/kafka_reader/reader.go:35.80,44.16 6 0
github.com/dnsoftware/mpm-save-get-shares/pkg/kafka_reader/reader.go:44.16,46.3 1 0
github.com/dnsoftware/mpm-save-get-shares/pkg/kafka_reader/reader.go:48.2,49.16 2 0
github.com/dnsoftware/mpm-save-get-shares/pkg/kafka_reader/reader.go:49.16,51.3 1 0
github.com/dnsoftware/mpm-save-get-shares/pkg/kafka_reader/reader.go:54.2,65.8 2 0
github.com/dnsoftware/mpm-save-get-shares/pkg/kafka_reader/reader.go:69.76,71.12 2 0
github.com/dnsoftware/mpm-save-get-shares/pkg/kafka_reader/reader.go:71.12,75.7 2 0
github.com/dnsoftware/mpm-save-get-shares/pkg/kafka_reader/reader.go:75.7,77.26 1 0
github.com/dnsoftware/mpm-save-get-shares/pkg/kafka_reader/reader.go:77.26,79.5 1 0
github.com/dnsoftware/mpm-save-get-shares/pkg/kafka_reader/reader.go:81.4,81.85 1 0
github.com/dnsoftware/mpm-save-get-shares/pkg/kafka_reader/reader.go:81.85,83.5 1 0
github.com/dnsoftware/mpm-save-get-shares/pkg/kafka_reader/reader.go:88.2,88.8 1 0
github.com/dnsoftware/mpm-save-get-shares/pkg/kafka_reader/reader.go:91.31,97.48 3 0
github.com/dnsoftware/mpm-save-get-shares/pkg/kafka_reader/reader.go:97.48,99.3 1 0
github.com/dnsoftware/mpm-save-get-shares/pkg/kafka_reader/reader.go:101.2,101.40 1 0
github.com/dnsoftware/mpm-save-get-shares/pkg/kafka_reader/reader.go:101.40,103.3 1 0
github.com/dnsoftware/mpm-save-get-shares/pkg/kafka_reader/reader.go:105.2,105.102 1 0
github.com/dnsoftware/mpm-save-get-shares/pkg/kafka_reader/reader.go:109.58,112.16 2 0
github.com/dnsoftware/mpm-save-get-shares/pkg/kafka_reader/reader.go:112.16,115.3 2 0
github.com/dnsoftware/mpm-save-get-shares/pkg/kafka_reader/reader.go:116.2,120.16 3 0
github.com/dnsoftware/mpm-save-get-shares/pkg/kafka_reader/reader.go:120.16,123.3 2 0
github.com/dnsoftware/mpm-save-get-shares/pkg/kafka_reader/reader.go:124.2,128.16 3 0
github.com/dnsoftware/mpm-save-get-shares/pkg/kafka_reader/reader.go:128.16,130.3 1 0
github.com/dnsoftware/mpm-save-get-shares/pkg/kafka_reader/reader.go:133.2,133.39 1 0
github.com/dnsoftware/mpm-save-get-shares/pkg/kafka_reader/reader.go:133.39,135.17 2 0
github.com/dnsoftware/mpm-save-get-shares/pkg/kafka_reader/reader.go:135.17,137.12 2 0
github.com/dnsoftware/mpm-save-get-shares/pkg/kafka_reader/reader.go:139.3,147.94 4 0
github.com/dnsoftware/mpm-save-get-shares/pkg/kafka_reader/reader.go:150.2,150.12 1 0
github.com/dnsoftware/mpm-save-get-shares/pkg/kafka_writer/header_carrier.go:9.55,10.23 1 0
github.com/dnsoftware/mpm-save-get-shares/pkg/kafka_writer/header_carrier.go:10.23,11.27 1 0
github.com/dnsoftware/mpm-save-get-shares/pkg/kafka_writer/header_carrier.go:11.27,13.4 1 0
github.com/dnsoftware/mpm-save-get-shares/pkg/kafka_writer/header_carrier.go:15.2,15.11 1 0
github.com/dnsoftware/mpm-save-get-shares/pkg/kafka_writer/header_carrier.go:18.55,20.2 1 0
github.com/dnsoftware/mpm-save-get-shares/pkg/kafka_writer/header_carrier.go:22.48,24.23 2 0
github.com/dnsoftware/mpm-save-get-shares/pkg/kafka_writer/header_carrier.go:24.23,26.3 1 0
github.com/dnsoftware/mpm-save-get-shares/pkg/kafka_writer/header_carrier.go:27.2,27.13 1 0
github.com/dnsoftware/mpm-save-get-shares/pkg/kafka_writer/writer.go:35.80,56.16 14 0
github.com/dnsoftware/mpm-save-get-shares/pkg/kafka_writer/writer.go:56.16,58.3 1 0
github.com/dnsoftware/mpm-save-get-shares/pkg/kafka_writer/writer.go:60.2,66.8 1 0
github.com/dnsoftware/mpm-save-get-shares/pkg/kafka_writer/writer.go:70.31,76.12 3 0
github.com/dnsoftware/mpm-save-get-shares/pkg/kafka_writer/writer.go:76.12,78.47 2 0
github.com/dnsoftware/mpm-save-get-shares/pkg/kafka_writer/writer.go:78.47,80.4 1 0
github.com/dnsoftware/mpm-save-get-shares/pkg/kafka_writer/writer.go:84.2,85.12 2 0
github.com/dnsoftware/mpm-save-get-shares/pkg/kafka_writer/writer.go:85.12,87.40 2 0
github.com/dnsoftware/mpm-save-get-shares/pkg/kafka_writer/writer.go:87.40,89.4 1 0
github.com/dnsoftware/mpm-save-get-shares/pkg/kafka_writer/writer.go:94.82,110.2 6 0
github.com/dnsoftware/mpm-save-get-shares/pkg/kafka_writer/writer.go:113.31,118.2 3 0
github.com/dnsoftware/mpm-save-get-shares/pkg/kafka_writer/writer.go:120.55,127.16 3 0
github.com/dnsoftware/mpm-save-get-shares/pkg/kafka_writer/writer.go:127.16,129.3 1 0
github.com/dnsoftware/mpm-save-get-shares/pkg/kafka_writer/writer.go:130.2,134.16 3 0
github.com/dnsoftware/mpm-save-get-shares/pkg/kafka_writer/writer.go:134.16,136.3 1 0
github.com/dnsoftware/mpm-save-get-shares/pkg/kafka_writer/writer.go:138.2,138.12 1 0
github.com/dnsoftware/mpm-save-get-shares/pkg/logger/logger.go:26.44,27.31 1 1
github.com/dnsoftware/mpm-save-get-shares/pkg/logger/logger.go:27.31,29.3 1 0
github.com/dnsoftware/mpm-save-get-shares/pkg/logger/logger.go:30.2,30.27 1 1
github.com/dnsoftware/mpm-save-get-shares/pkg/logger/logger.go:33.57,35.16 2 1
github.com/dnsoftware/mpm-save-get-shares/pkg/logger/logger.go:35.16,36.13 1 0
github.com/dnsoftware/mpm-save-get-shares/pkg/logger/logger.go:38.2,38.30 1 1
github.com/dnsoftware/mpm-save-get-shares/pkg/logger/logger.go:41.46,42.17 1 1
github.com/dnsoftware/mpm-save-get-shares/pkg/logger/logger.go:42.17,46.32 3 1
github.com/dnsoftware/mpm-save-get-shares/pkg/logger/logger.go:46.32,49.4 2 0
github.com/dnsoftware/mpm-save-get-shares/pkg/logger/logger.go:50.3,55.32 3 1
github.com/dnsoftware/mpm-save-get-shares/pkg/logger/logger.go:55.32,61.4 4 1
github.com/dnsoftware/mpm-save-get-shares/pkg/logger/logger.go:63.3,64.29 2 1
github.com/dnsoftware/mpm-save-get-shares/pkg/logger/logger.go:68.20,69.21 1 1
github.com/dnsoftware/mpm-save-get-shares/pkg/logger/logger.go:69.21,70.81 1 0
github.com/dnsoftware/mpm-save-get-shares/pkg/logger/logger.go:72.2,72.17 1 1
github.com/dnsoftware/mpm-save-get-shares/pkg/logger/logger.go:75.45,77.16 2 0
github.com/dnsoftware/mpm-save-get-shares/pkg/logger/logger.go:77.16,79.3 1 0
github.com/dnsoftware/mpm-save-get-shares/pkg/logger/logger.go:80.2,82.22 2 0
github.com/dnsoftware/mpm-save-get-shares/pkg/logger/logger.go:85.45,87.16 2 0
github.com/dnsoftware/mpm-save-get-shares/pkg/logger/logger.go:87.16,89.3 1 0
github.com/dnsoftware/mpm-save-get-shares/pkg/logger/logger.go:90.2,92.22 2 0
github.com/dnsoftware/mpm-save-get-shares/pkg/otel/otel.go:32.36,43.16 3 0
github.com/dnsoftware/mpm-save-get-shares/pkg/otel/otel.go:43.16,45.3 1 0
github.com/dnsoftware/mpm-save-get-shares/pkg/otel/otel.go:48.2,68.16 6 0
github.com/dnsoftware/mpm-save-get-shares/pkg/otel/otel.go:68.16,69.42 1 0
github.com/dnsoftware/mpm-save-get-shares/pkg/otel/otel.go:69.42,71.4 1 0
github.com/dnsoftware/mpm-save-get-shares/pkg/otel/otel.go:76.32,79.16 2 0
github.com/dnsoftware/mpm-save-get-shares/pkg/otel/otel.go:79.16,81.3 1 0
github.com/dnsoftware/mpm-save-get-shares/pkg/otel/otel.go:84.2,95.16 3 0
github.com/dnsoftware/mpm-save-get-shares/pkg/otel/otel.go:95.16,96.59 1 0
github.com/dnsoftware/mpm-save-get-shares/pkg/otel/otel.go:96.59,98.4 1 0
github.com/dnsoftware/mpm-save-get-shares/pkg/otel/otel.go:107.94,109.2 1 0
github.com/dnsoftware/mpm-save-get-shares/pkg/otel/otel.go:113.67,116.43 1 0
github.com/dnsoftware/mpm-save-get-shares/pkg/otel/otel.go:116.43,118.3 1 0
github.com/dnsoftware/mpm-save-get-shares/pkg/otel/otel.go:119.2,119.22 1 0
github.com/dnsoftware/mpm-save-get-shares/pkg/otel/otel.go:122.72,124.2 1 0
github.com/dnsoftware/mpm-save-get-shares/pkg/otel/otel.go:126.74,128.2 1 0
github.com/dnsoftware/mpm-save-get-shares/pkg/utils/projectdir.go:13.56,16.16 2 0
github.com/dnsoftware/mpm-save-get-shares/pkg/utils/projectdir.go:16.16,18.3 1 0
github.com/dnsoftware/mpm-save-get-shares/pkg/utils/projectdir.go:20.2,20.6 1 0
github.com/dnsoftware/mpm-save-get-shares/pkg/utils/projectdir.go:20.6,21.75 1 0
github.com/dnsoftware/mpm-save-get-shares/pkg/utils/projectdir.go:21.75,23.4 1 0
github.com/dnsoftware/mpm-save-get-shares/pkg/utils/projectdir.go:25.3,26.30 2 0
github.com/dnsoftware/mpm-save-get-shares/pkg/utils/projectdir.go:26.30,28.9 1 0
github.com/dnsoftware/mpm-save-get-shares/pkg/utils/projectdir.go:30.3,30.25 1 0
github.com/dnsoftware/mpm-save-get-shares/pkg/utils/projectdir.go:32.2,32.76 1 0
github.com/dnsoftware/mpm-save-get-shares/test/testcontainers/kafka.go:13.73,16.16 3 0
github.com/dnsoftware/mpm-save-get-shares/test/testcontainers/kafka.go:16.16,18.3 1 0
github.com/dnsoftware/mpm-save-get-shares/test/testcontainers/kafka.go:19.2,21.65 2 0
github.com/dnsoftware/mpm-save-get-shares/test/testcontainers/kafka.go:21.65,23.3 1 0
github.com/dnsoftware/mpm-save-get-shares/test/testcontainers/kafka.go:25.2,25.28 1 0
github.com/dnsoftware/mpm-save-get-shares/cmd/app/main.go:13.13,17.16 3 0
github.com/dnsoftware/mpm-save-get-shares/cmd/app/main.go:17.16,19.3 1 0
github.com/dnsoftware/mpm-save-get-shares/cmd/app/main.go:20.2,24.16 4 0
github.com/dnsoftware/mpm-save-get-shares/cmd/app/main.go:24.17,26.3 0 0
github.com/dnsoftware/mpm-save-get-shares/cmd/app/main.go:28.2,28.25 1 0
github.com/dnsoftware/mpm-save-get-shares/config/config.go:39.59,45.16 4 0
github.com/dnsoftware/mpm-save-get-shares/config/config.go:45.16,48.61 3 0
github.com/dnsoftware/mpm-save-get-shares/config/config.go:48.61,50.4 1 0
github.com/dnsoftware/mpm-save-get-shares/config/config.go:51.8,53.3 1 0
github.com/dnsoftware/mpm-save-get-shares/config/config.go:56.2,57.16 2 0
github.com/dnsoftware/mpm-save-get-shares/config/config.go:57.16,59.3 1 0
github.com/dnsoftware/mpm-save-get-shares/config/config.go:62.2,63.16 2 0
github.com/dnsoftware/mpm-save-get-shares/config/config.go:63.16,65.3 1 0
github.com/dnsoftware/mpm-save-get-shares/config/config.go:69.2,77.30 4 0
github.com/dnsoftware/mpm-save-get-shares/config/config.go:77.30,79.3 1 0
github.com/dnsoftware/mpm-save-get-shares/config/config.go:81.2,81.20 1 0
github.com/dnsoftware/mpm-save-get-shares/internal/app/app.go:12.62,20.2 3 0
github.com/dnsoftware/mpm-save-get-shares/internal/controller/kafka_consumer/shares/consumer.go:18.81,21.2 1 0
github.com/dnsoftware/mpm-save-get-shares/internal/controller/kafka_consumer/shares/consumer.go:24.83,26.2 1 0
github.com/dnsoftware/mpm-save-get-shares/internal/controller/kafka_consumer/shares/consumer.go:29.121,30.36 1 0
github.com/dnsoftware/mpm-save-get-shares/internal/controller/kafka_consumer/shares/consumer.go:30.36,35.38 2 0
github.com/dnsoftware/mpm-save-get-shares/internal/controller/kafka_consumer/shares/consumer.go:35.38,37.4 1 0
github.com/dnsoftware/mpm-save-get-shares/internal/controller/kafka_consumer/shares/consumer.go:38.3,46.13 6 0
github.com/dnsoftware/mpm-save-get-shares/internal/controller/kafka_consumer/shares/consumer.go:48.2,48.12 1 0
github.com/dnsoftware/mpm-save-get-shares/pkg/kafka_reader/reader.go:35.80,44.16 6 0
github.com/dnsoftware/mpm-save-get-shares/pkg/kafka_reader/reader.go:44.16,46.3 1 0
github.com/dnsoftware/mpm-save-get-shares/pkg/kafka_reader/reader.go:48.2,49.16 2 0
github.com/dnsoftware/mpm-save-get-shares/pkg/kafka_reader/reader.go:49.16,51.3 1 0
github.com/dnsoftware/mpm-save-get-shares/pkg/kafka_reader/reader.go:54.2,65.8 2 0
github.com/dnsoftware/mpm-save-get-shares/pkg/kafka_reader/reader.go:69.76,71.12 2 0
github.com/dnsoftware/mpm-save-get-shares/pkg/kafka_reader/reader.go:71.12,75.7 2 0
github.com/dnsoftware/mpm-save-get-shares/pkg/kafka_reader/reader.go:75.7,77.26 1 0
github.com/dnsoftware/mpm-save-get-shares/pkg/kafka_reader/reader.go:77.26,79.5 1 0
github.com/dnsoftware/mpm-save-get-shares/pkg/kafka_reader/reader.go:81.4,81.85 1 0
github.com/dnsoftware/mpm-save-get-shares/pkg/kafka_reader/reader.go:81.85,83.5 1 0
github.com/dnsoftware/mpm-save-get-shares/pkg/kafka_reader/reader.go:88.2,88.8 1 0
github.com/dnsoftware/mpm-save-get-shares/pkg/kafka_reader/reader.go:91.31,97.48 3 0
github.com/dnsoftware/mpm-save-get-shares/pkg/kafka_reader/reader.go:97.48,99.3 1 0
github.com/dnsoftware/mpm-save-get-shares/pkg/kafka_reader/reader.go:101.2,101.40 1 0
github.com/dnsoftware/mpm-save-get-shares/pkg/kafka_reader/reader.go:101.40,103.3 1 0
github.com/dnsoftware/mpm-save-get-shares/pkg/kafka_reader/reader.go:105.2,105.102 1 0
github.com/dnsoftware/mpm-save-get-shares/pkg/kafka_reader/reader.go:109.58,112.16 2 0
github.com/dnsoftware/mpm-save-get-shares/pkg/kafka_reader/reader.go:112.16,115.3 2 0
github.com/dnsoftware/mpm-save-get-shares/pkg/kafka_reader/reader.go:116.2,120.16 3 0
github.com/dnsoftware/mpm-save-get-shares/pkg/kafka_reader/reader.go:120.16,123.3 2 0
github.com/dnsoftware/mpm-save-get-shares/pkg/kafka_reader/reader.go:124.2,128.16 3 0
github.com/dnsoftware/mpm-save-get-shares/pkg/kafka_reader/reader.go:128.16,130.3 1 0
github.com/dnsoftware/mpm-save-get-shares/pkg/kafka_reader/reader.go:133.2,133.39 1 0
github.com/dnsoftware/mpm-save-get-shares/pkg/kafka_reader/reader.go:133.39,135.17 2 0
github.com/dnsoftware/mpm-save-get-shares/pkg/kafka_reader/reader.go:135.17,137.12 2 0
github.com/dnsoftware/mpm-save-get-shares/pkg/kafka_reader/reader.go:139.3,147.94 4 0
github.com/dnsoftware/mpm-save-get-shares/pkg/kafka_reader/reader.go:150.2,150.12 1 0
github.com/dnsoftware/mpm-save-get-shares/pkg/kafka_writer/header_carrier.go:9.55,10.23 1 0
github.com/dnsoftware/mpm-save-get-shares/pkg/kafka_writer/header_carrier.go:10.23,11.27 1 0
github.com/dnsoftware/mpm-save-get-shares/pkg/kafka_writer/header_carrier.go:11.27,13.4 1 0
github.com/dnsoftware/mpm-save-get-shares/pkg/kafka_writer/header_carrier.go:15.2,15.11 1 0
github.com/dnsoftware/mpm-save-get-shares/pkg/kafka_writer/header_carrier.go:18.55,20.2 1 0
github.com/dnsoftware/mpm-save-get-shares/pkg/kafka_writer/header_carrier.go:22.48,24.23 2 0
github.com/dnsoftware/mpm-save-get-shares/pkg/kafka_writer/header_carrier.go:24.23,26.3 1 0
github.com/dnsoftware/mpm-save-get-shares/pkg/kafka_writer/header_carrier.go:27.2,27.13 1 0
github.com/dnsoftware/mpm-save-get-shares/pkg/kafka_writer/writer.go:35.80,56.16 14 0
github.com/dnsoftware/mpm-save-get-shares/pkg/kafka_writer/writer.go:56.16,58.3 1 0
github.com/dnsoftware/mpm-save-get-shares/pkg/kafka_writer/writer.go:60.2,66.8 1 0
github.com/dnsoftware/mpm-save-get-shares/pkg/kafka_writer/writer.go:70.31,76.12 3 0
github.com/dnsoftware/mpm-save-get-shares/pkg/kafka_writer/writer.go:76.12,78.47 2 0
github.com/dnsoftware/mpm-save-get-shares/pkg/kafka_writer/writer.go:78.47,80.4 1 0
github.com/dnsoftware/mpm-save-get-shares/pkg/kafka_writer/writer.go:84.2,85.12 2 0
github.com/dnsoftware/mpm-save-get-shares/pkg/kafka_writer/writer.go:85.12,87.40 2 0
github.com/dnsoftware/mpm-save-get-shares/pkg/kafka_writer/writer.go:87.40,89.4 1 0
github.com/dnsoftware/mpm-save-get-shares/pkg/kafka_writer/writer.go:94.82,110.2 6 0
github.com/dnsoftware/mpm-save-get-shares/pkg/kafka_writer/writer.go:113.31,118.2 3 0
github.com/dnsoftware/mpm-save-get-shares/pkg/kafka_writer/writer.go:120.55,127.16 3 0
github.com/dnsoftware/mpm-save-get-shares/pkg/kafka_writer/writer.go:127.16,129.3 1 0
github.com/dnsoftware/mpm-save-get-shares/pkg/kafka_writer/writer.go:130.2,134.16 3 0
github.com/dnsoftware/mpm-save-get-shares/pkg/kafka_writer/writer.go:134.16,136.3 1 0
github.com/dnsoftware/mpm-save-get-shares/pkg/kafka_writer/writer.go:138.2,138.12 1 0
github.com/dnsoftware/mpm-save-get-shares/pkg/logger/logger.go:26.44,27.31 1 0
github.com/dnsoftware/mpm-save-get-shares/pkg/logger/logger.go:27.31,29.3 1 0
github.com/dnsoftware/mpm-save-get-shares/pkg/logger/logger.go:30.2,30.27 1 0
github.com/dnsoftware/mpm-save-get-shares/pkg/logger/logger.go:33.57,35.16 2 0
github.com/dnsoftware/mpm-save-get-shares/pkg/logger/logger.go:35.16,36.13 1 0
github.com/dnsoftware/mpm-save-get-shares/pkg/logger/logger.go:38.2,38.30 1 0
github.com/dnsoftware/mpm-save-get-shares/pkg/logger/logger.go:41.46,42.17 1 0
github.com/dnsoftware/mpm-save-get-shares/pkg/logger/logger.go:42.17,46.32 3 0
github.com/dnsoftware/mpm-save-get-shares/pkg/logger/logger.go:46.32,49.4 2 0
github.com/dnsoftware/mpm-save-get-shares/pkg/logger/logger.go:50.3,55.32 3 0
github.com/dnsoftware/mpm-save-get-shares/pkg/logger/logger.go:55.32,61.4 4 0
github.com/dnsoftware/mpm-save-get-shares/pkg/logger/logger.go:63.3,64.29 2 0
github.com/dnsoftware/mpm-save-get-shares/pkg/logger/logger.go:68.20,69.21 1 0
github.com/dnsoftware/mpm-save-get-shares/pkg/logger/logger.go:69.21,70.81 1 0
github.com/dnsoftware/mpm-save-get-shares/pkg/logger/logger.go:72.2,72.17 1 0
github.com/dnsoftware/mpm-save-get-shares/pkg/logger/logger.go:75.45,77.16 2 0
github.com/dnsoftware/mpm-save-get-shares/pkg/logger/logger.go:77.16,79.3 1 0
github.com/dnsoftware/mpm-save-get-shares/pkg/logger/logger.go:80.2,82.22 2 0
github.com/dnsoftware/mpm-save-get-shares/pkg/logger/logger.go:85.45,87.16 2 0
github.com/dnsoftware/mpm-save-get-shares/pkg/logger/logger.go:87.16,89.3 1 0
github.com/dnsoftware/mpm-save-get-shares/pkg/logger/logger.go:90.2,92.22 2 0
github.com/dnsoftware/mpm-save-get-shares/pkg/otel/otel.go:32.36,43.16 3 0
github.com/dnsoftware/mpm-save-get-shares/pkg/otel/otel.go:43.16,45.3 1 0
github.com/dnsoftware/mpm-save-get-shares/pkg/otel/otel.go:48.2,68.16 6 0
github.com/dnsoftware/mpm-save-get-shares/pkg/otel/otel.go:68.16,69.42 1 0
github.com/dnsoftware/mpm-save-get-shares/pkg/otel/otel.go:69.42,71.4 1 0
github.com/dnsoftware/mpm-save-get-shares/pkg/otel/otel.go:76.32,79.16 2 0
github.com/dnsoftware/mpm-save-get-shares/pkg/otel/otel.go:79.16,81.3 1 0
github.com/dnsoftware/mpm-save-get-shares/pkg/otel/otel.go:84.2,95.16 3 0
github.com/dnsoftware/mpm-save-get-shares/pkg/otel/otel.go:95.16,96.59 1 0
github.com/dnsoftware/mpm-save-get-shares/pkg/otel/otel.go:96.59,98.4 1 0
github.com/dnsoftware/mpm-save-get-shares/pkg/otel/otel.go:107.94,109.2 1 0
github.com/dnsoftware/mpm-save-get-shares/pkg/otel/otel.go:113.67,116.43 1 0
github.com/dnsoftware/mpm-save-get-shares/pkg/otel/otel.go:116.43,118.3 1 0
github.com/dnsoftware/mpm-save-get-shares/pkg/otel/otel.go:119.2,119.22 1 0
github.com/dnsoftware/mpm-save-get-shares/pkg/otel/otel.go:122.72,124.2 1 0
github.com/dnsoftware/mpm-save-get-shares/pkg/otel/otel.go:126.74,128.2 1 0
github.com/dnsoftware/mpm-save-get-shares/pkg/utils/projectdir.go:13.56,16.16 2 1
github.com/dnsoftware/mpm-save-get-shares/pkg/utils/projectdir.go:16.16,18.3 1 0
github.com/dnsoftware/mpm-save-get-shares/pkg/utils/projectdir.go:20.2,20.6 1 1
github.com/dnsoftware/mpm-save-get-shares/pkg/utils/projectdir.go:20.6,21.75 1 3
github.com/dnsoftware/mpm-save-get-shares/pkg/utils/projectdir.go:21.75,23.4 1 1
github.com/dnsoftware/mpm-save-get-shares/pkg/utils/projectdir.go:25.3,26.30 2 2
github.com/dnsoftware/mpm-save-get-shares/pkg/utils/projectdir.go:26.30,28.9 1 0
github.com/dnsoftware/mpm-save-get-shares/pkg/utils/projectdir.go:30.3,30.25 1 2
github.com/dnsoftware/mpm-save-get-shares/pkg/utils/projectdir.go:32.2,32.76 1 0
github.com/dnsoftware/mpm-save-get-shares/test/testcontainers/kafka.go:13.73,16.16 3 0
github.com/dnsoftware/mpm-save-get-shares/test/testcontainers/kafka.go:16.16,18.3 1 0
github.com/dnsoftware/mpm-save-get-shares/test/testcontainers/kafka.go:19.2,21.65 2 0
github.com/dnsoftware/mpm-save-get-shares/test/testcontainers/kafka.go:21.65,23.3 1 0
github.com/dnsoftware/mpm-save-get-shares/test/testcontainers/kafka.go:25.2,25.28 1 0
github.com/dnsoftware/mpm-save-get-shares/test/testcontainers/kafka.go:13.73,16.16 3 0
github.com/dnsoftware/mpm-save-get-shares/test/testcontainers/kafka.go:16.16,18.3 1 0
github.com/dnsoftware/mpm-save-get-shares/test/testcontainers/kafka.go:19.2,21.65 2 0
github.com/dnsoftware/mpm-save-get-shares/test/testcontainers/kafka.go:21.65,23.3 1 0
github.com/dnsoftware/mpm-save-get-shares/test/testcontainers/kafka.go:25.2,25.28 1 0
github.com/dnsoftware/mpm-save-get-shares/cmd/app/main.go:13.13,17.16 3 0
github.com/dnsoftware/mpm-save-get-shares/cmd/app/main.go:17.16,19.3 1 0
github.com/dnsoftware/mpm-save-get-shares/cmd/app/main.go:20.2,24.16 4 0
github.com/dnsoftware/mpm-save-get-shares/cmd/app/main.go:24.17,26.3 0 0
github.com/dnsoftware/mpm-save-get-shares/cmd/app/main.go:28.2,28.25 1 0
github.com/dnsoftware/mpm-save-get-shares/config/config.go:39.59,45.16 4 0
github.com/dnsoftware/mpm-save-get-shares/config/config.go:45.16,48.61 3 0
github.com/dnsoftware/mpm-save-get-shares/config/config.go:48.61,50.4 1 0
github.com/dnsoftware/mpm-save-get-shares/config/config.go:51.8,53.3 1 0
github.com/dnsoftware/mpm-save-get-shares/config/config.go:56.2,57.16 2 0
github.com/dnsoftware/mpm-save-get-shares/config/config.go:57.16,59.3 1 0
github.com/dnsoftware/mpm-save-get-shares/config/config.go:62.2,63.16 2 0
github.com/dnsoftware/mpm-save-get-shares/config/config.go:63.16,65.3 1 0
github.com/dnsoftware/mpm-save-get-shares/config/config.go:69.2,77.30 4 0
github.com/dnsoftware/mpm-save-get-shares/config/config.go:77.30,79.3 1 0
github.com/dnsoftware/mpm-save-get-shares/config/config.go:81.2,81.20 1 0
github.com/dnsoftware/mpm-save-get-shares/internal/app/app.go:12.62,20.2 3 0
github.com/dnsoftware/mpm-save-get-shares/internal/controller/kafka_consumer/shares/consumer.go:18.81,21.2 1 0
github.com/dnsoftware/mpm-save-get-shares/internal/controller/kafka_consumer/shares/consumer.go:24.83,26.2 1 0
github.com/dnsoftware/mpm-save-get-shares/internal/controller/kafka_consumer/shares/consumer.go:29.121,30.36 1 0
github.com/dnsoftware/mpm-save-get-shares/internal/controller/kafka_consumer/shares/consumer.go:30.36,35.38 2 0
github.com/dnsoftware/mpm-save-get-shares/internal/controller/kafka_consumer/shares/consumer.go:35.38,37.4 1 0
github.com/dnsoftware/mpm-save-get-shares/internal/controller/kafka_consumer/shares/consumer.go:38.3,46.13 6 0
github.com/dnsoftware/mpm-save-get-shares/internal/controller/kafka_consumer/shares/consumer.go:48.2,48.12 1 0
github.com/dnsoftware/mpm-save-get-shares/pkg/kafka_reader/reader.go:35.80,44.16 6 1
github.com/dnsoftware/mpm-save-get-shares/pkg/kafka_reader/reader.go:44.16,46.3 1 0
github.com/dnsoftware/mpm-save-get-shares/pkg/kafka_reader/reader.go:48.2,49.16 2 1
github.com/dnsoftware/mpm-save-get-shares/pkg/kafka_reader/reader.go:49.16,51.3 1 0
github.com/dnsoftware/mpm-save-get-shares/pkg/kafka_reader/reader.go:54.2,65.8 2 1
github.com/dnsoftware/mpm-save-get-shares/pkg/kafka_reader/reader.go:69.76,71.12 2 1
github.com/dnsoftware/mpm-save-get-shares/pkg/kafka_reader/reader.go:71.12,75.7 2 1
github.com/dnsoftware/mpm-save-get-shares/pkg/kafka_reader/reader.go:75.7,77.26 1 2
github.com/dnsoftware/mpm-save-get-shares/pkg/kafka_reader/reader.go:77.26,79.5 1 1
github.com/dnsoftware/mpm-save-get-shares/pkg/kafka_reader/reader.go:81.4,81.85 1 1
github.com/dnsoftware/mpm-save-get-shares/pkg/kafka_reader/reader.go:81.85,83.5 1 0
github.com/dnsoftware/mpm-save-get-shares/pkg/kafka_reader/reader.go:88.2,88.8 1 1
github.com/dnsoftware/mpm-save-get-shares/pkg/kafka_reader/reader.go:91.31,97.48 3 1
github.com/dnsoftware/mpm-save-get-shares/pkg/kafka_reader/reader.go:97.48,99.3 1 0
github.com/dnsoftware/mpm-save-get-shares/pkg/kafka_reader/reader.go:101.2,101.40 1 1
github.com/dnsoftware/mpm-save-get-shares/pkg/kafka_reader/reader.go:101.40,103.3 1 0
github.com/dnsoftware/mpm-save-get-shares/pkg/kafka_reader/reader.go:105.2,105.102 1 1
github.com/dnsoftware/mpm-save-get-shares/pkg/kafka_reader/reader.go:109.58,112.16 2 1
github.com/dnsoftware/mpm-save-get-shares/pkg/kafka_reader/reader.go:112.16,115.3 2 0
github.com/dnsoftware/mpm-save-get-shares/pkg/kafka_reader/reader.go:116.2,120.16 3 1
github.com/dnsoftware/mpm-save-get-shares/pkg/kafka_reader/reader.go:120.16,123.3 2 0
github.com/dnsoftware/mpm-save-get-shares/pkg/kafka_reader/reader.go:124.2,128.16 3 1
github.com/dnsoftware/mpm-save-get-shares/pkg/kafka_reader/reader.go:128.16,130.3 1 0
github.com/dnsoftware/mpm-save-get-shares/pkg/kafka_reader/reader.go:133.2,133.39 1 1
github.com/dnsoftware/mpm-save-get-shares/pkg/kafka_reader/reader.go:133.39,135.17 2 1
github.com/dnsoftware/mpm-save-get-shares/pkg/kafka_reader/reader.go:135.17,137.12 2 0
github.com/dnsoftware/mpm-save-get-shares/pkg/kafka_reader/reader.go:139.3,147.94 4 1
github.com/dnsoftware/mpm-save-get-shares/pkg/kafka_reader/reader.go:150.2,150.12 1 1
github.com/dnsoftware/mpm-save-get-shares/pkg/kafka_writer/header_carrier.go:9.55,10.23 1 0
github.com/dnsoftware/mpm-save-get-shares/pkg/kafka_writer/header_carrier.go:10.23,11.27 1 0
github.com/dnsoftware/mpm-save-get-shares/pkg/kafka_writer/header_carrier.go:11.27,13.4 1 0
github.com/dnsoftware/mpm-save-get-shares/pkg/kafka_writer/header_carrier.go:15.2,15.11 1 0
github.com/dnsoftware/mpm-save-get-shares/pkg/kafka_writer/header_carrier.go:18.55,20.2 1 1
github.com/dnsoftware/mpm-save-get-shares/pkg/kafka_writer/header_carrier.go:22.48,24.23 2 0
github.com/dnsoftware/mpm-save-get-shares/pkg/kafka_writer/header_carrier.go:24.23,26.3 1 0
github.com/dnsoftware/mpm-save-get-shares/pkg/kafka_writer/header_carrier.go:27.2,27.13 1 0
github.com/dnsoftware/mpm-save-get-shares/pkg/kafka_writer/writer.go:35.80,56.16 14 1
github.com/dnsoftware/mpm-save-get-shares/pkg/kafka_writer/writer.go:56.16,58.3 1 0
github.com/dnsoftware/mpm-save-get-shares/pkg/kafka_writer/writer.go:60.2,66.8 1 1
github.com/dnsoftware/mpm-save-get-shares/pkg/kafka_writer/writer.go:70.31,76.12 3 1
github.com/dnsoftware/mpm-save-get-shares/pkg/kafka_writer/writer.go:76.12,78.47 2 1
github.com/dnsoftware/mpm-save-get-shares/pkg/kafka_writer/writer.go:78.47,80.4 1 1
github.com/dnsoftware/mpm-save-get-shares/pkg/kafka_writer/writer.go:84.2,85.12 2 1
github.com/dnsoftware/mpm-save-get-shares/pkg/kafka_writer/writer.go:85.12,87.40 2 1
github.com/dnsoftware/mpm-save-get-shares/pkg/kafka_writer/writer.go:87.40,89.4 1 0
github.com/dnsoftware/mpm-save-get-shares/pkg/kafka_writer/writer.go:94.82,110.2 6 1
github.com/dnsoftware/mpm-save-get-shares/pkg/kafka_writer/writer.go:113.31,118.2 3 1
github.com/dnsoftware/mpm-save-get-shares/pkg/kafka_writer/writer.go:120.55,127.16 3 1
github.com/dnsoftware/mpm-save-get-shares/pkg/kafka_writer/writer.go:127.16,129.3 1 0
github.com/dnsoftware/mpm-save-get-shares/pkg/kafka_writer/writer.go:130.2,134.16 3 1
github.com/dnsoftware/mpm-save-get-shares/pkg/kafka_writer/writer.go:134.16,136.3 1 0
github.com/dnsoftware/mpm-save-get-shares/pkg/kafka_writer/writer.go:138.2,138.12 1 1
github.com/dnsoftware/mpm-save-get-shares/pkg/logger/logger.go:26.44,27.31 1 1
github.com/dnsoftware/mpm-save-get-shares/pkg/logger/logger.go:27.31,29.3 1 0
github.com/dnsoftware/mpm-save-get-shares/pkg/logger/logger.go:30.2,30.27 1 1
github.com/dnsoftware/mpm-save-get-shares/pkg/logger/logger.go:33.57,35.16 2 1
github.com/dnsoftware/mpm-save-get-shares/pkg/logger/logger.go:35.16,36.13 1 0
github.com/dnsoftware/mpm-save-get-shares/pkg/logger/logger.go:38.2,38.30 1 1
github.com/dnsoftware/mpm-save-get-shares/pkg/logger/logger.go:41.46,42.17 1 1
github.com/dnsoftware/mpm-save-get-shares/pkg/logger/logger.go:42.17,46.32 3 1
github.com/dnsoftware/mpm-save-get-shares/pkg/logger/logger.go:46.32,49.4 2 0
github.com/dnsoftware/mpm-save-get-shares/pkg/logger/logger.go:50.3,55.32 3 1
github.com/dnsoftware/mpm-save-get-shares/pkg/logger/logger.go:55.32,61.4 4 1
github.com/dnsoftware/mpm-save-get-shares/pkg/logger/logger.go:63.3,64.29 2 1
github.com/dnsoftware/mpm-save-get-shares/pkg/logger/logger.go:68.20,69.21 1 2
github.com/dnsoftware/mpm-save-get-shares/pkg/logger/logger.go:69.21,70.81 1 0
github.com/dnsoftware/mpm-save-get-shares/pkg/logger/logger.go:72.2,72.17 1 2
github.com/dnsoftware/mpm-save-get-shares/pkg/logger/logger.go:75.45,77.16 2 1
github.com/dnsoftware/mpm-save-get-shares/pkg/logger/logger.go:77.16,79.3 1 0
github.com/dnsoftware/mpm-save-get-shares/pkg/logger/logger.go:80.2,82.22 2 1
github.com/dnsoftware/mpm-save-get-shares/pkg/logger/logger.go:85.45,87.16 2 0
github.com/dnsoftware/mpm-save-get-shares/pkg/logger/logger.go:87.16,89.3 1 0
github.com/dnsoftware/mpm-save-get-shares/pkg/logger/logger.go:90.2,92.22 2 0
github.com/dnsoftware/mpm-save-get-shares/pkg/otel/otel.go:32.36,43.16 3 1
github.com/dnsoftware/mpm-save-get-shares/pkg/otel/otel.go:43.16,45.3 1 0
github.com/dnsoftware/mpm-save-get-shares/pkg/otel/otel.go:48.2,68.16 6 1
github.com/dnsoftware/mpm-save-get-shares/pkg/otel/otel.go:68.16,69.42 1 1
github.com/dnsoftware/mpm-save-get-shares/pkg/otel/otel.go:69.42,71.4 1 0
github.com/dnsoftware/mpm-save-get-shares/pkg/otel/otel.go:76.32,79.16 2 0
github.com/dnsoftware/mpm-save-get-shares/pkg/otel/otel.go:79.16,81.3 1 0
github.com/dnsoftware/mpm-save-get-shares/pkg/otel/otel.go:84.2,95.16 3 0
github.com/dnsoftware/mpm-save-get-shares/pkg/otel/otel.go:95.16,96.59 1 0
github.com/dnsoftware/mpm-save-get-shares/pkg/otel/otel.go:96.59,98.4 1 0
github.com/dnsoftware/mpm-save-get-shares/pkg/otel/otel.go:107.94,109.2 1 6
github.com/dnsoftware/mpm-save-get-shares/pkg/otel/otel.go:113.67,116.43 1 6
github.com/dnsoftware/mpm-save-get-shares/pkg/otel/otel.go:116.43,118.3 1 0
github.com/dnsoftware/mpm-save-get-shares/pkg/otel/otel.go:119.2,119.22 1 6
github.com/dnsoftware/mpm-save-get-shares/pkg/otel/otel.go:122.72,124.2 1 1
github.com/dnsoftware/mpm-save-get-shares/pkg/otel/otel.go:126.74,128.2 1 0
github.com/dnsoftware/mpm-save-get-shares/pkg/utils/projectdir.go:13.56,16.16 2 1
github.com/dnsoftware/mpm-save-get-shares/pkg/utils/projectdir.go:16.16,18.3 1 0
github.com/dnsoftware/mpm-save-get-shares/pkg/utils/projectdir.go:20.2,20.6 1 1
github.com/dnsoftware/mpm-save-get-shares/pkg/utils/projectdir.go:20.6,21.75 1 3
github.com/dnsoftware/mpm-save-get-shares/pkg/utils/projectdir.go:21.75,23.4 1 1
github.com/dnsoftware/mpm-save-get-shares/pkg/utils/projectdir.go:25.3,26.30 2 2
github.com/dnsoftware/mpm-save-get-shares/pkg/utils/projectdir.go:26.30,28.9 1 0
github.com/dnsoftware/mpm-save-get-shares/pkg/utils/projectdir.go:30.3,30.25 1 2
github.com/dnsoftware/mpm-save-get-shares/pkg/utils/projectdir.go:32.2,32.76 1 0
github.com/dnsoftware/mpm-save-get-shares/test/testcontainers/kafka.go:13.73,16.16 3 0
github.com/dnsoftware/mpm-save-get-shares/test/testcontainers/kafka.go:16.16,18.3 1 0
github.com/dnsoftware/mpm-save-get-shares/test/testcontainers/kafka.go:19.2,21.65 2 0
github.com/dnsoftware/mpm-save-get-shares/test/testcontainers/kafka.go:21.65,23.3 1 0
github.com/dnsoftware/mpm-save-get-shares/test/testcontainers/kafka.go:25.2,25.28 1 0
github.com/dnsoftware/mpm-save-get-shares/cmd/app/main.go:13.13,17.16 3 0
github.com/dnsoftware/mpm-save-get-shares/cmd/app/main.go:17.16,19.3 1 0
github.com/dnsoftware/mpm-save-get-shares/cmd/app/main.go:20.2,24.16 4 0
github.com/dnsoftware/mpm-save-get-shares/cmd/app/main.go:24.17,26.3 0 0
github.com/dnsoftware/mpm-save-get-shares/cmd/app/main.go:28.2,28.25 1 0
github.com/dnsoftware/mpm-save-get-shares/config/config.go:39.59,45.16 4 0
github.com/dnsoftware/mpm-save-get-shares/config/config.go:45.16,48.61 3 0
github.com/dnsoftware/mpm-save-get-shares/config/config.go:48.61,50.4 1 0
github.com/dnsoftware/mpm-save-get-shares/config/config.go:51.8,53.3 1 0
github.com/dnsoftware/mpm-save-get-shares/config/config.go:56.2,57.16 2 0
github.com/dnsoftware/mpm-save-get-shares/config/config.go:57.16,59.3 1 0
github.com/dnsoftware/mpm-save-get-shares/config/config.go:62.2,63.16 2 0
github.com/dnsoftware/mpm-save-get-shares/config/config.go:63.16,65.3 1 0
github.com/dnsoftware/mpm-save-get-shares/config/config.go:69.2,77.30 4 0
github.com/dnsoftware/mpm-save-get-shares/config/config.go:77.30,79.3 1 0
github.com/dnsoftware/mpm-save-get-shares/config/config.go:81.2,81.20 1 0
github.com/dnsoftware/mpm-save-get-shares/internal/app/app.go:12.62,20.2 3 0
github.com/dnsoftware/mpm-save-get-shares/internal/controller/kafka_consumer/shares/consumer.go:18.81,21.2 1 1
github.com/dnsoftware/mpm-save-get-shares/internal/controller/kafka_consumer/shares/consumer.go:24.83,26.2 1 1
github.com/dnsoftware/mpm-save-get-shares/internal/controller/kafka_consumer/shares/consumer.go:29.121,30.36 1 1
github.com/dnsoftware/mpm-save-get-shares/internal/controller/kafka_consumer/shares/consumer.go:30.36,35.38 2 27
github.com/dnsoftware/mpm-save-get-shares/internal/controller/kafka_consumer/shares/consumer.go:35.38,37.4 1 27
github.com/dnsoftware/mpm-save-get-shares/internal/controller/kafka_consumer/shares/consumer.go:38.3,46.13 6 27
github.com/dnsoftware/mpm-save-get-shares/internal/controller/kafka_consumer/shares/consumer.go:48.2,48.12 1 1
github.com/dnsoftware/mpm-save-get-shares/pkg/kafka_reader/reader.go:35.80,44.16 6 2
github.com/dnsoftware/mpm-save-get-shares/pkg/kafka_reader/reader.go:44.16,46.3 1 0
github.com/dnsoftware/mpm-save-get-shares/pkg/kafka_reader/reader.go:48.2,49.16 2 2
github.com/dnsoftware/mpm-save-get-shares/pkg/kafka_reader/reader.go:49.16,51.3 1 0
github.com/dnsoftware/mpm-save-get-shares/pkg/kafka_reader/reader.go:54.2,65.8 2 2
github.com/dnsoftware/mpm-save-get-shares/pkg/kafka_reader/reader.go:69.76,71.12 2 2
github.com/dnsoftware/mpm-save-get-shares/pkg/kafka_reader/reader.go:71.12,75.7 2 2
github.com/dnsoftware/mpm-save-get-shares/pkg/kafka_reader/reader.go:75.7,77.26 1 4
github.com/dnsoftware/mpm-save-get-shares/pkg/kafka_reader/reader.go:77.26,79.5 1 2
github.com/dnsoftware/mpm-save-get-shares/pkg/kafka_reader/reader.go:81.4,81.85 1 2
github.com/dnsoftware/mpm-save-get-shares/pkg/kafka_reader/reader.go:81.85,83.5 1 0
github.com/dnsoftware/mpm-save-get-shares/pkg/kafka_reader/reader.go:88.2,88.8 1 2
github.com/dnsoftware/mpm-save-get-shares/pkg/kafka_reader/reader.go:91.31,97.48 3 2
github.com/dnsoftware/mpm-save-get-shares/pkg/kafka_reader/reader.go:97.48,99.3 1 0
github.com/dnsoftware/mpm-save-get-shares/pkg/kafka_reader/reader.go:101.2,101.40 1 2
github.com/dnsoftware/mpm-save-get-shares/pkg/kafka_reader/reader.go:101.40,103.3 1 0
github.com/dnsoftware/mpm-save-get-shares/pkg/kafka_reader/reader.go:105.2,105.102 1 2
github.com/dnsoftware/mpm-save-get-shares/pkg/kafka_reader/reader.go:109.58,112.16 2 1
github.com/dnsoftware/mpm-save-get-shares/pkg/kafka_reader/reader.go:112.16,115.3 2 0
github.com/dnsoftware/mpm-save-get-shares/pkg/kafka_reader/reader.go:116.2,120.16 3 1
github.com/dnsoftware/mpm-save-get-shares/pkg/kafka_reader/reader.go:120.16,123.3 2 0
github.com/dnsoftware/mpm-save-get-shares/pkg/kafka_reader/reader.go:124.2,128.16 3 1
github.com/dnsoftware/mpm-save-get-shares/pkg/kafka_reader/reader.go:128.16,130.3 1 0
github.com/dnsoftware/mpm-save-get-shares/pkg/kafka_reader/reader.go:133.2,133.39 1 1
github.com/dnsoftware/mpm-save-get-shares/pkg/kafka_reader/reader.go:133.39,135.17 2 1
github.com/dnsoftware/mpm-save-get-shares/pkg/kafka_reader/reader.go:135.17,137.12 2 0
github.com/dnsoftware/mpm-save-get-shares/pkg/kafka_reader/reader.go:139.3,147.94 4 1
github.com/dnsoftware/mpm-save-get-shares/pkg/kafka_reader/reader.go:150.2,150.12 1 1
github.com/dnsoftware/mpm-save-get-shares/pkg/kafka_writer/header_carrier.go:9.55,10.23 1 0
github.com/dnsoftware/mpm-save-get-shares/pkg/kafka_writer/header_carrier.go:10.23,11.27 1 0
github.com/dnsoftware/mpm-save-get-shares/pkg/kafka_writer/header_carrier.go:11.27,13.4 1 0
github.com/dnsoftware/mpm-save-get-shares/pkg/kafka_writer/header_carrier.go:15.2,15.11 1 0
github.com/dnsoftware/mpm-save-get-shares/pkg/kafka_writer/header_carrier.go:18.55,20.2 1 27
github.com/dnsoftware/mpm-save-get-shares/pkg/kafka_writer/header_carrier.go:22.48,24.23 2 0
github.com/dnsoftware/mpm-save-get-shares/pkg/kafka_writer/header_carrier.go:24.23,26.3 1 0
github.com/dnsoftware/mpm-save-get-shares/pkg/kafka_writer/header_carrier.go:27.2,27.13 1 0
github.com/dnsoftware/mpm-save-get-shares/pkg/kafka_writer/writer.go:35.80,56.16 14 2
github.com/dnsoftware/mpm-save-get-shares/pkg/kafka_writer/writer.go:56.16,58.3 1 0
github.com/dnsoftware/mpm-save-get-shares/pkg/kafka_writer/writer.go:60.2,66.8 1 2
github.com/dnsoftware/mpm-save-get-shares/pkg/kafka_writer/writer.go:70.31,76.12 3 2
github.com/dnsoftware/mpm-save-get-shares/pkg/kafka_writer/writer.go:76.12,78.47 2 2
github.com/dnsoftware/mpm-save-get-shares/pkg/kafka_writer/writer.go:78.47,80.4 1 29
github.com/dnsoftware/mpm-save-get-shares/pkg/kafka_writer/writer.go:84.2,85.12 2 2
github.com/dnsoftware/mpm-save-get-shares/pkg/kafka_writer/writer.go:85.12,87.40 2 2
github.com/dnsoftware/mpm-save-get-shares/pkg/kafka_writer/writer.go:87.40,89.4 1 0
github.com/dnsoftware/mpm-save-get-shares/pkg/kafka_writer/writer.go:94.82,110.2 6 29
github.com/dnsoftware/mpm-save-get-shares/pkg/kafka_writer/writer.go:113.31,118.2 3 1
github.com/dnsoftware/mpm-save-get-shares/pkg/kafka_writer/writer.go:120.55,127.16 3 1
github.com/dnsoftware/mpm-save-get-shares/pkg/kafka_writer/writer.go:127.16,129.3 1 0
github.com/dnsoftware/mpm-save-get-shares/pkg/kafka_writer/writer.go:130.2,134.16 3 1
github.com/dnsoftware/mpm-save-get-shares/pkg/kafka_writer/writer.go:134.16,136.3 1 1
github.com/dnsoftware/mpm-save-get-shares/pkg/kafka_writer/writer.go:138.2,138.12 1 0
github.com/dnsoftware/mpm-save-get-shares/pkg/logger/logger.go:26.44,27.31 1 1
github.com/dnsoftware/mpm-save-get-shares/pkg/logger/logger.go:27.31,29.3 1 0
github.com/dnsoftware/mpm-save-get-shares/pkg/logger/logger.go:30.2,30.27 1 1
github.com/dnsoftware/mpm-save-get-shares/pkg/logger/logger.go:33.57,35.16 2 1
github.com/dnsoftware/mpm-save-get-shares/pkg/logger/logger.go:35.16,36.13 1 0
github.com/dnsoftware/mpm-save-get-shares/pkg/logger/logger.go:38.2,38.30 1 1
github.com/dnsoftware/mpm-save-get-shares/pkg/logger/logger.go:41.46,42.17 1 2
github.com/dnsoftware/mpm-save-get-shares/pkg/logger/logger.go:42.17,46.32 3 1
github.com/dnsoftware/mpm-save-get-shares/pkg/logger/logger.go:46.32,49.4 2 0
github.com/dnsoftware/mpm-save-get-shares/pkg/logger/logger.go:50.3,55.32 3 1
github.com/dnsoftware/mpm-save-get-shares/pkg/logger/logger.go:55.32,61.4 4 1
github.com/dnsoftware/mpm-save-get-shares/pkg/logger/logger.go:63.3,64.29 2 1
github.com/dnsoftware/mpm-save-get-shares/pkg/logger/logger.go:68.20,69.21 1 4
github.com/dnsoftware/mpm-save-get-shares/pkg/logger/logger.go:69.21,70.81 1 0
github.com/dnsoftware/mpm-save-get-shares/pkg/logger/logger.go:72.2,72.17 1 4
github.com/dnsoftware/mpm-save-get-shares/pkg/logger/logger.go:75.45,77.16 2 1
github.com/dnsoftware/mpm-save-get-shares/pkg/logger/logger.go:77.16,79.3 1 0
github.com/dnsoftware/mpm-save-get-shares/pkg/logger/logger.go:80.2,82.22 2 1
github.com/dnsoftware/mpm-save-get-shares/pkg/logger/logger.go:85.45,87.16 2 1
github.com/dnsoftware/mpm-save-get-shares/pkg/logger/logger.go:87.16,89.3 1 0
github.com/dnsoftware/mpm-save-get-shares/pkg/logger/logger.go:90.2,92.22 2 1
github.com/dnsoftware/mpm-save-get-shares/pkg/otel/otel.go:32.36,43.16 3 1
github.com/dnsoftware/mpm-save-get-shares/pkg/otel/otel.go:43.16,45.3 1 0
github.com/dnsoftware/mpm-save-get-shares/pkg/otel/otel.go:48.2,68.16 6 1
github.com/dnsoftware/mpm-save-get-shares/pkg/otel/otel.go:68.16,69.42 1 0
github.com/dnsoftware/mpm-save-get-shares/pkg/otel/otel.go:69.42,71.4 1 0
github.com/dnsoftware/mpm-save-get-shares/pkg/otel/otel.go:76.32,79.16 2 0
github.com/dnsoftware/mpm-save-get-shares/pkg/otel/otel.go:79.16,81.3 1 0
github.com/dnsoftware/mpm-save-get-shares/pkg/otel/otel.go:84.2,95.16 3 0
github.com/dnsoftware/mpm-save-get-shares/pkg/otel/otel.go:95.16,96.59 1 0
github.com/dnsoftware/mpm-save-get-shares/pkg/otel/otel.go:96.59,98.4 1 0
github.com/dnsoftware/mpm-save-get-shares/pkg/otel/otel.go:107.94,109.2 1 473
github.com/dnsoftware/mpm-save-get-shares/pkg/otel/otel.go:113.67,116.43 1 471
github.com/dnsoftware/mpm-save-get-shares/pkg/otel/otel.go:116.43,118.3 1 416
github.com/dnsoftware/mpm-save-get-shares/pkg/otel/otel.go:119.2,119.22 1 55
github.com/dnsoftware/mpm-save-get-shares/pkg/otel/otel.go:122.72,124.2 1 0
github.com/dnsoftware/mpm-save-get-shares/pkg/otel/otel.go:126.74,128.2 1 0
github.com/dnsoftware/mpm-save-get-shares/pkg/utils/projectdir.go:13.56,16.16 2 2
github.com/dnsoftware/mpm-save-get-shares/pkg/utils/projectdir.go:16.16,18.3 1 0
github.com/dnsoftware/mpm-save-get-shares/pkg/utils/projectdir.go:20.2,20.6 1 2
github.com/dnsoftware/mpm-save-get-shares/pkg/utils/projectdir.go:20.6,21.75 1 8
github.com/dnsoftware/mpm-save-get-shares/pkg/utils/projectdir.go:21.75,23.4 1 2
github.com/dnsoftware/mpm-save-get-shares/pkg/utils/projectdir.go:25.3,26.30 2 6
github.com/dnsoftware/mpm-save-get-shares/pkg/utils/projectdir.go:26.30,28.9 1 0
github.com/dnsoftware/mpm-save-get-shares/pkg/utils/projectdir.go:30.3,30.25 1 6
github.com/dnsoftware/mpm-save-get-shares/pkg/utils/projectdir.go:32.2,32.76 1 0
github.com/dnsoftware/mpm-save-get-shares/test/testcontainers/kafka.go:13.73,16.16 3 2
github.com/dnsoftware/mpm-save-get-shares/test/testcontainers/kafka.go:16.16,18.3 1 0
github.com/dnsoftware/mpm-save-get-shares/test/testcontainers/kafka.go:19.2,21.65 2 2
github.com/dnsoftware/mpm-save-get-shares/test/testcontainers/kafka.go:21.65,23.3 1 0
github.com/dnsoftware/mpm-save-get-shares/test/testcontainers/kafka.go:25.2,25.28 1 2
